This is pdfTeX, Version 3.14159265-2.6-1.40.16 (TeX Live 2015/Debian) (preloaded format=pdflatex 2017.3.11)  26 MAY 2017 08:08
entering extended mode
 restricted \write18 enabled.
 %&-line parsing enabled.
**beamer.tex
(./beamer.tex
LaTeX2e <2016/02/01>
Babel <3.9q> and hyphenation patterns for 3 language(s) loaded.
(/usr/share/texlive/texmf-dist/tex/latex/beamer/beamer.cls
(/usr/share/texlive/texmf-dist/tex/latex/beamer/beamerbasercs.sty
Package: beamerbasercs 2015/03/08 (rcs-revision 368aa9ba9d38)
)
Document Class: beamer 2015/01/05 3.36 A class for typesetting presentations (r
cs-revision 8a39122e1f63)
(/usr/share/texlive/texmf-dist/tex/latex/beamer/beamerbasemodes.sty
Package: beamerbasemodes 2013/09/03 (rcs-revision 768f2d98ca64)
\beamer@tempbox=\box26
\beamer@tempcount=\count79
\c@beamerpauses=\count80

(/usr/share/texlive/texmf-dist/tex/latex/beamer/beamerbasedecode.sty
Package: beamerbasedecode 2010/05/01 (rcs-revision efa082c6111d)
\beamer@slideinframe=\count81
\beamer@minimum=\count82
)
\beamer@commentbox=\box27
\beamer@modecount=\count83
)
(/usr/share/texlive/texmf-dist/tex/generic/oberdiek/ifpdf.sty
Package: ifpdf 2011/01/30 v2.3 Provides the ifpdf switch (HO)
Package ifpdf Info: pdfTeX in PDF mode is detected.
)
\headheight=\dimen102
\headdp=\dimen103
\footheight=\dimen104
\sidebarheight=\dimen105
\beamer@tempdim=\dimen106
\beamer@finalheight=\dimen107
\beamer@animht=\dimen108
\beamer@animdp=\dimen109
\beamer@animwd=\dimen110
\beamer@leftmargin=\dimen111
\beamer@rightmargin=\dimen112
\beamer@leftsidebar=\dimen113
\beamer@rightsidebar=\dimen114
\beamer@boxsize=\dimen115
\beamer@vboxoffset=\dimen116
\beamer@descdefault=\dimen117
\beamer@descriptionwidth=\dimen118
\beamer@lastskip=\skip41
\beamer@areabox=\box28
\beamer@animcurrent=\box29
\beamer@animshowbox=\box30
\beamer@sectionbox=\box31
\beamer@logobox=\box32
\beamer@linebox=\box33
\beamer@sectioncount=\count84
\beamer@subsubsectionmax=\count85
\beamer@subsectionmax=\count86
\beamer@sectionmax=\count87
\beamer@totalheads=\count88
\beamer@headcounter=\count89
\beamer@partstartpage=\count90
\beamer@sectionstartpage=\count91
\beamer@subsectionstartpage=\count92
\beamer@animationtempa=\count93
\beamer@animationtempb=\count94
\beamer@xpos=\count95
\beamer@ypos=\count96
\beamer@showpartnumber=\count97
\beamer@currentsubsection=\count98
\beamer@coveringdepth=\count99
\beamer@sectionadjust=\count100
\beamer@tocsectionnumber=\count101

(/usr/share/texlive/texmf-dist/tex/latex/beamer/beamerbaseoptions.sty
Package: beamerbaseoptions 2013/03/10 (rcs-revision 47431932db0d)

(/usr/share/texlive/texmf-dist/tex/latex/graphics/keyval.sty
Package: keyval 2014/10/28 v1.15 key=value parser (DPC)
\KV@toks@=\toks14
))
\beamer@paperwidth=\skip42
\beamer@paperheight=\skip43

(/usr/share/texlive/texmf-dist/tex/latex/geometry/geometry.sty
Package: geometry 2010/09/12 v5.6 Page Geometry

(/usr/share/texlive/texmf-dist/tex/generic/oberdiek/ifvtex.sty
Package: ifvtex 2010/03/01 v1.5 Detect VTeX and its facilities (HO)
Package ifvtex Info: VTeX not detected.
)
(/usr/share/texlive/texmf-dist/tex/generic/ifxetex/ifxetex.sty
Package: ifxetex 2010/09/12 v0.6 Provides ifxetex conditional
)
\Gm@cnth=\count102
\Gm@cntv=\count103
\c@Gm@tempcnt=\count104
\Gm@bindingoffset=\dimen119
\Gm@wd@mp=\dimen120
\Gm@odd@mp=\dimen121
\Gm@even@mp=\dimen122
\Gm@layoutwidth=\dimen123
\Gm@layoutheight=\dimen124
\Gm@layouthoffset=\dimen125
\Gm@layoutvoffset=\dimen126
\Gm@dimlist=\toks15
)
(/usr/share/texlive/texmf-dist/tex/latex/base/size11.clo
File: size11.clo 2014/09/29 v1.4h Standard LaTeX file (size option)
)
(/usr/share/texlive/texmf-dist/tex/latex/pgf/basiclayer/pgfcore.sty
(/usr/share/texlive/texmf-dist/tex/latex/graphics/graphicx.sty
Package: graphicx 2014/10/28 v1.0g Enhanced LaTeX Graphics (DPC,SPQR)

(/usr/share/texlive/texmf-dist/tex/latex/graphics/graphics.sty
Package: graphics 2016/01/03 v1.0q Standard LaTeX Graphics (DPC,SPQR)

(/usr/share/texlive/texmf-dist/tex/latex/graphics/trig.sty
Package: trig 2016/01/03 v1.10 sin cos tan (DPC)
)
(/usr/share/texlive/texmf-dist/tex/latex/latexconfig/graphics.cfg
File: graphics.cfg 2010/04/23 v1.9 graphics configuration of TeX Live
)
Package graphics Info: Driver file: pdftex.def on input line 95.

(/usr/share/texlive/texmf-dist/tex/latex/pdftex-def/pdftex.def
File: pdftex.def 2011/05/27 v0.06d Graphics/color for pdfTeX

(/usr/share/texlive/texmf-dist/tex/generic/oberdiek/infwarerr.sty
Package: infwarerr 2010/04/08 v1.3 Providing info/warning/error messages (HO)
)
(/usr/share/texlive/texmf-dist/tex/generic/oberdiek/ltxcmds.sty
Package: ltxcmds 2011/11/09 v1.22 LaTeX kernel commands for general use (HO)
)
\Gread@gobject=\count105
))
\Gin@req@height=\dimen127
\Gin@req@width=\dimen128
)
(/usr/share/texlive/texmf-dist/tex/latex/pgf/systemlayer/pgfsys.sty
(/usr/share/texlive/texmf-dist/tex/latex/pgf/utilities/pgfrcs.sty
(/usr/share/texlive/texmf-dist/tex/generic/pgf/utilities/pgfutil-common.tex
\pgfutil@everybye=\toks16
\pgfutil@tempdima=\dimen129
\pgfutil@tempdimb=\dimen130

(/usr/share/texlive/texmf-dist/tex/generic/pgf/utilities/pgfutil-common-lists.t
ex)) (/usr/share/texlive/texmf-dist/tex/generic/pgf/utilities/pgfutil-latex.def
\pgfutil@abb=\box34
(/usr/share/texlive/texmf-dist/tex/latex/ms/everyshi.sty
Package: everyshi 2001/05/15 v3.00 EveryShipout Package (MS)
))
(/usr/share/texlive/texmf-dist/tex/generic/pgf/utilities/pgfrcs.code.tex
Package: pgfrcs 2015/08/07 v3.0.1a (rcs-revision 1.31)
))
(/usr/share/texlive/texmf-dist/tex/generic/pgf/systemlayer/pgfsys.code.tex
Package: pgfsys 2014/07/09 v3.0.1a (rcs-revision 1.48)

(/usr/share/texlive/texmf-dist/tex/generic/pgf/utilities/pgfkeys.code.tex
\pgfkeys@pathtoks=\toks17
\pgfkeys@temptoks=\toks18

(/usr/share/texlive/texmf-dist/tex/generic/pgf/utilities/pgfkeysfiltered.code.t
ex
\pgfkeys@tmptoks=\toks19
))
\pgf@x=\dimen131
\pgf@y=\dimen132
\pgf@xa=\dimen133
\pgf@ya=\dimen134
\pgf@xb=\dimen135
\pgf@yb=\dimen136
\pgf@xc=\dimen137
\pgf@yc=\dimen138
\w@pgf@writea=\write3
\r@pgf@reada=\read1
\c@pgf@counta=\count106
\c@pgf@countb=\count107
\c@pgf@countc=\count108
\c@pgf@countd=\count109
\t@pgf@toka=\toks20
\t@pgf@tokb=\toks21
\t@pgf@tokc=\toks22
 (/usr/share/texlive/texmf-dist/tex/generic/pgf/systemlayer/pgf.cfg
File: pgf.cfg 2008/05/14  (rcs-revision 1.7)
)
Driver file for pgf: pgfsys-pdftex.def

(/usr/share/texlive/texmf-dist/tex/generic/pgf/systemlayer/pgfsys-pdftex.def
File: pgfsys-pdftex.def 2014/10/11  (rcs-revision 1.35)

(/usr/share/texlive/texmf-dist/tex/generic/pgf/systemlayer/pgfsys-common-pdf.de
f
File: pgfsys-common-pdf.def 2013/10/10  (rcs-revision 1.13)
)))
(/usr/share/texlive/texmf-dist/tex/generic/pgf/systemlayer/pgfsyssoftpath.code.
tex
File: pgfsyssoftpath.code.tex 2013/09/09  (rcs-revision 1.9)
\pgfsyssoftpath@smallbuffer@items=\count110
\pgfsyssoftpath@bigbuffer@items=\count111
)
(/usr/share/texlive/texmf-dist/tex/generic/pgf/systemlayer/pgfsysprotocol.code.
tex
File: pgfsysprotocol.code.tex 2006/10/16  (rcs-revision 1.4)
)) (/usr/share/texlive/texmf-dist/tex/latex/xcolor/xcolor.sty
Package: xcolor 2007/01/21 v2.11 LaTeX color extensions (UK)

(/usr/share/texlive/texmf-dist/tex/latex/latexconfig/color.cfg
File: color.cfg 2007/01/18 v1.5 color configuration of teTeX/TeXLive
)
Package xcolor Info: Driver file: pdftex.def on input line 225.
Package xcolor Info: Model `cmy' substituted by `cmy0' on input line 1337.
Package xcolor Info: Model `hsb' substituted by `rgb' on input line 1341.
Package xcolor Info: Model `RGB' extended on input line 1353.
Package xcolor Info: Model `HTML' substituted by `rgb' on input line 1355.
Package xcolor Info: Model `Hsb' substituted by `hsb' on input line 1356.
Package xcolor Info: Model `tHsb' substituted by `hsb' on input line 1357.
Package xcolor Info: Model `HSB' substituted by `hsb' on input line 1358.
Package xcolor Info: Model `Gray' substituted by `gray' on input line 1359.
Package xcolor Info: Model `wave' substituted by `hsb' on input line 1360.
)
(/usr/share/texlive/texmf-dist/tex/generic/pgf/basiclayer/pgfcore.code.tex
Package: pgfcore 2010/04/11 v3.0.1a (rcs-revision 1.7)

(/usr/share/texlive/texmf-dist/tex/generic/pgf/math/pgfmath.code.tex
(/usr/share/texlive/texmf-dist/tex/generic/pgf/math/pgfmathcalc.code.tex
(/usr/share/texlive/texmf-dist/tex/generic/pgf/math/pgfmathutil.code.tex)
(/usr/share/texlive/texmf-dist/tex/generic/pgf/math/pgfmathparser.code.tex
\pgfmath@dimen=\dimen139
\pgfmath@count=\count112
\pgfmath@box=\box35
\pgfmath@toks=\toks23
\pgfmath@stack@operand=\toks24
\pgfmath@stack@operation=\toks25
)
(/usr/share/texlive/texmf-dist/tex/generic/pgf/math/pgfmathfunctions.code.tex
(/usr/share/texlive/texmf-dist/tex/generic/pgf/math/pgfmathfunctions.basic.code
.tex)
(/usr/share/texlive/texmf-dist/tex/generic/pgf/math/pgfmathfunctions.trigonomet
ric.code.tex)
(/usr/share/texlive/texmf-dist/tex/generic/pgf/math/pgfmathfunctions.random.cod
e.tex)
(/usr/share/texlive/texmf-dist/tex/generic/pgf/math/pgfmathfunctions.comparison
.code.tex)
(/usr/share/texlive/texmf-dist/tex/generic/pgf/math/pgfmathfunctions.base.code.
tex)
(/usr/share/texlive/texmf-dist/tex/generic/pgf/math/pgfmathfunctions.round.code
.tex)
(/usr/share/texlive/texmf-dist/tex/generic/pgf/math/pgfmathfunctions.misc.code.
tex)
(/usr/share/texlive/texmf-dist/tex/generic/pgf/math/pgfmathfunctions.integerari
thmetics.code.tex)))
(/usr/share/texlive/texmf-dist/tex/generic/pgf/math/pgfmathfloat.code.tex
\c@pgfmathroundto@lastzeros=\count113
))
(/usr/share/texlive/texmf-dist/tex/generic/pgf/basiclayer/pgfcorepoints.code.te
x
File: pgfcorepoints.code.tex 2013/10/07  (rcs-revision 1.27)
\pgf@picminx=\dimen140
\pgf@picmaxx=\dimen141
\pgf@picminy=\dimen142
\pgf@picmaxy=\dimen143
\pgf@pathminx=\dimen144
\pgf@pathmaxx=\dimen145
\pgf@pathminy=\dimen146
\pgf@pathmaxy=\dimen147
\pgf@xx=\dimen148
\pgf@xy=\dimen149
\pgf@yx=\dimen150
\pgf@yy=\dimen151
\pgf@zx=\dimen152
\pgf@zy=\dimen153
)
(/usr/share/texlive/texmf-dist/tex/generic/pgf/basiclayer/pgfcorepathconstruct.
code.tex
File: pgfcorepathconstruct.code.tex 2013/10/07  (rcs-revision 1.29)
\pgf@path@lastx=\dimen154
\pgf@path@lasty=\dimen155
)
(/usr/share/texlive/texmf-dist/tex/generic/pgf/basiclayer/pgfcorepathusage.code
.tex
File: pgfcorepathusage.code.tex 2014/11/02  (rcs-revision 1.24)
\pgf@shorten@end@additional=\dimen156
\pgf@shorten@start@additional=\dimen157
)
(/usr/share/texlive/texmf-dist/tex/generic/pgf/basiclayer/pgfcorescopes.code.te
x
File: pgfcorescopes.code.tex 2015/05/08  (rcs-revision 1.46)
\pgfpic=\box36
\pgf@hbox=\box37
\pgf@layerbox@main=\box38
\pgf@picture@serial@count=\count114
)
(/usr/share/texlive/texmf-dist/tex/generic/pgf/basiclayer/pgfcoregraphicstate.c
ode.tex
File: pgfcoregraphicstate.code.tex 2014/11/02  (rcs-revision 1.12)
\pgflinewidth=\dimen158
)
(/usr/share/texlive/texmf-dist/tex/generic/pgf/basiclayer/pgfcoretransformation
s.code.tex
File: pgfcoretransformations.code.tex 2015/08/07  (rcs-revision 1.20)
\pgf@pt@x=\dimen159
\pgf@pt@y=\dimen160
\pgf@pt@temp=\dimen161
)
(/usr/share/texlive/texmf-dist/tex/generic/pgf/basiclayer/pgfcorequick.code.tex
File: pgfcorequick.code.tex 2008/10/09  (rcs-revision 1.3)
)
(/usr/share/texlive/texmf-dist/tex/generic/pgf/basiclayer/pgfcoreobjects.code.t
ex
File: pgfcoreobjects.code.tex 2006/10/11  (rcs-revision 1.2)
)
(/usr/share/texlive/texmf-dist/tex/generic/pgf/basiclayer/pgfcorepathprocessing
.code.tex
File: pgfcorepathprocessing.code.tex 2013/09/09  (rcs-revision 1.9)
)
(/usr/share/texlive/texmf-dist/tex/generic/pgf/basiclayer/pgfcorearrows.code.te
x
File: pgfcorearrows.code.tex 2015/05/14  (rcs-revision 1.43)
\pgfarrowsep=\dimen162
)
(/usr/share/texlive/texmf-dist/tex/generic/pgf/basiclayer/pgfcoreshade.code.tex
File: pgfcoreshade.code.tex 2013/07/15  (rcs-revision 1.15)
\pgf@max=\dimen163
\pgf@sys@shading@range@num=\count115
)
(/usr/share/texlive/texmf-dist/tex/generic/pgf/basiclayer/pgfcoreimage.code.tex
File: pgfcoreimage.code.tex 2013/07/15  (rcs-revision 1.18)

(/usr/share/texlive/texmf-dist/tex/generic/pgf/basiclayer/pgfcoreexternal.code.
tex
File: pgfcoreexternal.code.tex 2014/07/09  (rcs-revision 1.21)
\pgfexternal@startupbox=\box39
))
(/usr/share/texlive/texmf-dist/tex/generic/pgf/basiclayer/pgfcorelayers.code.te
x
File: pgfcorelayers.code.tex 2013/07/18  (rcs-revision 1.7)
)
(/usr/share/texlive/texmf-dist/tex/generic/pgf/basiclayer/pgfcoretransparency.c
ode.tex
File: pgfcoretransparency.code.tex 2013/09/30  (rcs-revision 1.5)
)
(/usr/share/texlive/texmf-dist/tex/generic/pgf/basiclayer/pgfcorepatterns.code.
tex
File: pgfcorepatterns.code.tex 2013/11/07  (rcs-revision 1.5)
))) (/usr/share/texlive/texmf-dist/tex/latex/pgf/utilities/xxcolor.sty
Package: xxcolor 2003/10/24 ver 0.1
\XC@nummixins=\count116
\XC@countmixins=\count117
)
(/usr/share/texlive/texmf-dist/tex/generic/oberdiek/atbegshi.sty
Package: atbegshi 2011/10/05 v1.16 At begin shipout hook (HO)
)
(/usr/share/texlive/texmf-dist/tex/latex/hyperref/hyperref.sty
Package: hyperref 2012/11/06 v6.83m Hypertext links for LaTeX

(/usr/share/texlive/texmf-dist/tex/generic/oberdiek/hobsub-hyperref.sty
Package: hobsub-hyperref 2012/05/28 v1.13 Bundle oberdiek, subset hyperref (HO)


(/usr/share/texlive/texmf-dist/tex/generic/oberdiek/hobsub-generic.sty
Package: hobsub-generic 2012/05/28 v1.13 Bundle oberdiek, subset generic (HO)
Package: hobsub 2012/05/28 v1.13 Construct package bundles (HO)
Package hobsub Info: Skipping package `infwarerr' (already loaded).
Package hobsub Info: Skipping package `ltxcmds' (already loaded).
Package: ifluatex 2010/03/01 v1.3 Provides the ifluatex switch (HO)
Package ifluatex Info: LuaTeX not detected.
Package hobsub Info: Skipping package `ifvtex' (already loaded).
Package: intcalc 2007/09/27 v1.1 Expandable calculations with integers (HO)
Package hobsub Info: Skipping package `ifpdf' (already loaded).
Package: etexcmds 2011/02/16 v1.5 Avoid name clashes with e-TeX commands (HO)
Package etexcmds Info: Could not find \expanded.
(etexcmds)             That can mean that you are not using pdfTeX 1.50 or
(etexcmds)             that some package has redefined \expanded.
(etexcmds)             In the latter case, load this package earlier.
Package: kvsetkeys 2012/04/25 v1.16 Key value parser (HO)
Package: kvdefinekeys 2011/04/07 v1.3 Define keys (HO)
Package: pdftexcmds 2011/11/29 v0.20 Utility functions of pdfTeX for LuaTeX (HO
)
Package pdftexcmds Info: LuaTeX not detected.
Package pdftexcmds Info: \pdf@primitive is available.
Package pdftexcmds Info: \pdf@ifprimitive is available.
Package pdftexcmds Info: \pdfdraftmode found.
Package: pdfescape 2011/11/25 v1.13 Implements pdfTeX's escape features (HO)
Package: bigintcalc 2012/04/08 v1.3 Expandable calculations on big integers (HO
)
Package: bitset 2011/01/30 v1.1 Handle bit-vector datatype (HO)
Package: uniquecounter 2011/01/30 v1.2 Provide unlimited unique counter (HO)
)
Package hobsub Info: Skipping package `hobsub' (already loaded).
Package: letltxmacro 2010/09/02 v1.4 Let assignment for LaTeX macros (HO)
Package: hopatch 2012/05/28 v1.2 Wrapper for package hooks (HO)
Package: xcolor-patch 2011/01/30 xcolor patch
Package: atveryend 2011/06/30 v1.8 Hooks at the very end of document (HO)
Package atveryend Info: \enddocument detected (standard20110627).
Package hobsub Info: Skipping package `atbegshi' (already loaded).
Package: refcount 2011/10/16 v3.4 Data extraction from label references (HO)
Package: hycolor 2011/01/30 v1.7 Color options for hyperref/bookmark (HO)
)
(/usr/share/texlive/texmf-dist/tex/latex/oberdiek/auxhook.sty
Package: auxhook 2011/03/04 v1.3 Hooks for auxiliary files (HO)
)
(/usr/share/texlive/texmf-dist/tex/latex/oberdiek/kvoptions.sty
Package: kvoptions 2011/06/30 v3.11 Key value format for package options (HO)
)
\@linkdim=\dimen164
\Hy@linkcounter=\count118
\Hy@pagecounter=\count119

(/usr/share/texlive/texmf-dist/tex/latex/hyperref/pd1enc.def
File: pd1enc.def 2012/11/06 v6.83m Hyperref: PDFDocEncoding definition (HO)
)
\Hy@SavedSpaceFactor=\count120

(/usr/share/texlive/texmf-dist/tex/latex/latexconfig/hyperref.cfg
File: hyperref.cfg 2002/06/06 v1.2 hyperref configuration of TeXLive
)
Package hyperref Info: Option `bookmarks' set `true' on input line 4319.
Package hyperref Info: Option `bookmarksopen' set `true' on input line 4319.
Package hyperref Info: Option `implicit' set `false' on input line 4319.
Package hyperref Info: Hyper figures OFF on input line 4443.
Package hyperref Info: Link nesting OFF on input line 4448.
Package hyperref Info: Hyper index ON on input line 4451.
Package hyperref Info: Plain pages OFF on input line 4458.
Package hyperref Info: Backreferencing OFF on input line 4463.
Package hyperref Info: Implicit mode OFF; no redefinition of LaTeX internals.
Package hyperref Info: Bookmarks ON on input line 4688.
\c@Hy@tempcnt=\count121

(/usr/share/texlive/texmf-dist/tex/latex/url/url.sty
\Urlmuskip=\muskip10
Package: url 2013/09/16  ver 3.4  Verb mode for urls, etc.
)
LaTeX Info: Redefining \url on input line 5041.
\XeTeXLinkMargin=\dimen165
\Fld@menulength=\count122
\Field@Width=\dimen166
\Fld@charsize=\dimen167
Package hyperref Info: Hyper figures OFF on input line 6295.
Package hyperref Info: Link nesting OFF on input line 6300.
Package hyperref Info: Hyper index ON on input line 6303.
Package hyperref Info: backreferencing OFF on input line 6310.
Package hyperref Info: Link coloring OFF on input line 6315.
Package hyperref Info: Link coloring with OCG OFF on input line 6320.
Package hyperref Info: PDF/A mode OFF on input line 6325.
LaTeX Info: Redefining \ref on input line 6365.
LaTeX Info: Redefining \pageref on input line 6369.
\Hy@abspage=\count123


Package hyperref Message: Stopped early.

)

Package hyperref Message: Driver (autodetected): hpdftex.

(/usr/share/texlive/texmf-dist/tex/latex/hyperref/hpdftex.def
File: hpdftex.def 2012/11/06 v6.83m Hyperref driver for pdfTeX
\Fld@listcount=\count124
\c@bookmark@seq@number=\count125

(/usr/share/texlive/texmf-dist/tex/latex/oberdiek/rerunfilecheck.sty
Package: rerunfilecheck 2011/04/15 v1.7 Rerun checks for auxiliary files (HO)
Package uniquecounter Info: New unique counter `rerunfilecheck' on input line 2
82.
))
(/usr/share/texlive/texmf-dist/tex/latex/beamer/beamerbaserequires.sty
Package: beamerbaserequires 2010/05/01  (rcs-revision efa082c6111d)

(/usr/share/texlive/texmf-dist/tex/latex/beamer/beamerbasecompatibility.sty
Package: beamerbasecompatibility 2012/05/01  (rcs-revision 67c48b3b652d)
)
(/usr/share/texlive/texmf-dist/tex/latex/beamer/beamerbasefont.sty
Package: beamerbasefont 2015/01/05  (rcs-revision b4b4bee242e2)

(/usr/share/texlive/texmf-dist/tex/latex/amsfonts/amssymb.sty
Package: amssymb 2013/01/14 v3.01 AMS font symbols

(/usr/share/texlive/texmf-dist/tex/latex/amsfonts/amsfonts.sty
Package: amsfonts 2013/01/14 v3.01 Basic AMSFonts support
\@emptytoks=\toks26
\symAMSa=\mathgroup4
\symAMSb=\mathgroup5
LaTeX Font Info:    Overwriting math alphabet `\mathfrak' in version `bold'
(Font)                  U/euf/m/n --> U/euf/b/n on input line 106.
)))
(/usr/share/texlive/texmf-dist/tex/latex/beamer/beamerbasetranslator.sty
Package: beamerbasetranslator 2010/06/11  (rcs-revision 85fd1cc7fc42)

(/usr/share/texlive/texmf-dist/tex/latex/beamer/translator/translator.sty
Package: translator 2010/06/12 ver 1.10

(/usr/share/texlive/texmf-dist/tex/latex/beamer/translator/translator-language-
mappings.tex)))
(/usr/share/texlive/texmf-dist/tex/latex/beamer/beamerbasemisc.sty
Package: beamerbasemisc 2013/09/03  (rcs-revision a55719c41d85)
)
(/usr/share/texlive/texmf-dist/tex/latex/beamer/beamerbasetwoscreens.sty
Package: beamerbasetwoscreens 2010/05/01  (rcs-revision efa082c6111d)
)
(/usr/share/texlive/texmf-dist/tex/latex/beamer/beamerbaseoverlay.sty
Package: beamerbaseoverlay 2013/12/25  (rcs-revision f6bd5e3805da)
\beamer@argscount=\count126
\beamer@lastskipcover=\skip44
\beamer@trivlistdepth=\count127
)
(/usr/share/texlive/texmf-dist/tex/latex/beamer/beamerbasetitle.sty
Package: beamerbasetitle 2010/09/21  (rcs-revision f0446ed0b6ae)
)
(/usr/share/texlive/texmf-dist/tex/latex/beamer/beamerbasesection.sty
Package: beamerbasesection 2013/06/07  (rcs-revision 60b9fe0f342f)
\c@lecture=\count128
\c@part=\count129
\c@section=\count130
\c@subsection=\count131
\c@subsubsection=\count132
)
(/usr/share/texlive/texmf-dist/tex/latex/beamer/beamerbaseframe.sty
Package: beamerbaseframe 2014/02/20  (rcs-revision 4b8ceeeff434)
\beamer@framebox=\box40
\beamer@frametitlebox=\box41
\beamer@zoombox=\box42
\beamer@zoomcount=\count133
\beamer@zoomframecount=\count134
\beamer@frametextheight=\dimen168
\c@subsectionslide=\count135
\beamer@frametopskip=\skip45
\beamer@framebottomskip=\skip46
\beamer@frametopskipautobreak=\skip47
\beamer@framebottomskipautobreak=\skip48
\beamer@envbody=\toks27
\framewidth=\dimen169
\c@framenumber=\count136
)
(/usr/share/texlive/texmf-dist/tex/latex/beamer/beamerbaseverbatim.sty
Package: beamerbaseverbatim 2015/01/05  (rcs-revision 431510bb5890)
\beamer@verbatimfileout=\write4
)
(/usr/share/texlive/texmf-dist/tex/latex/beamer/beamerbaseframesize.sty
Package: beamerbaseframesize 2011/09/12  (rcs-revision 70f9d8411e54)
\beamer@splitbox=\box43
\beamer@autobreakcount=\count137
\beamer@autobreaklastheight=\dimen170
\beamer@frametitletoks=\toks28
\beamer@framesubtitletoks=\toks29
)
(/usr/share/texlive/texmf-dist/tex/latex/beamer/beamerbaseframecomponents.sty
Package: beamerbaseframecomponents 2013/10/18  (rcs-revision 5cf6c5555a45)
\beamer@footins=\box44
)
(/usr/share/texlive/texmf-dist/tex/latex/beamer/beamerbasecolor.sty
Package: beamerbasecolor 2015/02/21  (rcs-revision d944b04ee2d5)
)
(/usr/share/texlive/texmf-dist/tex/latex/beamer/beamerbasenotes.sty
Package: beamerbasenotes 2012/12/19  (rcs-revision 1686da3db3c9)
\beamer@frameboxcopy=\box45
)
(/usr/share/texlive/texmf-dist/tex/latex/beamer/beamerbasetoc.sty
Package: beamerbasetoc 2015/03/08  (rcs-revision 7270298bbaae)
)
(/usr/share/texlive/texmf-dist/tex/latex/beamer/beamerbasetemplates.sty
Package: beamerbasetemplates 2010/05/01  (rcs-revision efa082c6111d)
\beamer@sbttoks=\toks30

(/usr/share/texlive/texmf-dist/tex/latex/beamer/beamerbaseauxtemplates.sty
Package: beamerbaseauxtemplates 2014/06/30  (rcs-revision 580088513a67)

(/usr/share/texlive/texmf-dist/tex/latex/beamer/beamerbaseboxes.sty
Package: beamerbaseboxes 2012/05/13  (rcs-revision 56972908a390)
\bmb@box=\box46
\bmb@colorbox=\box47
\bmb@boxshadow=\box48
\bmb@boxshadowball=\box49
\bmb@boxshadowballlarge=\box50
\bmb@temp=\dimen171
\bmb@dima=\dimen172
\bmb@dimb=\dimen173
\bmb@prevheight=\dimen174
)
\beamer@blockheadheight=\dimen175
))
(/usr/share/texlive/texmf-dist/tex/latex/beamer/beamerbaselocalstructure.sty
Package: beamerbaselocalstructure 2014/09/10  (rcs-revision 393f6dcff371)

(/usr/share/texlive/texmf-dist/tex/latex/tools/enumerate.sty
Package: enumerate 2015/07/23 v3.00 enumerate extensions (DPC)
\@enLab=\toks31
)
\c@figure=\count138
\c@table=\count139
\abovecaptionskip=\skip49
\belowcaptionskip=\skip50
)
(/usr/share/texlive/texmf-dist/tex/latex/beamer/beamerbasenavigation.sty
Package: beamerbasenavigation 2015/02/27  (rcs-revision 923f4bf87efa)
\beamer@section@min@dim=\dimen176
)
(/usr/share/texlive/texmf-dist/tex/latex/beamer/beamerbasetheorems.sty
Package: beamerbasetheorems 2010/06/06  (rcs-revision 7e7cc5e53e9d)

(/usr/share/texlive/texmf-dist/tex/latex/amsmath/amsmath.sty
Package: amsmath 2016/03/03 v2.15a AMS math features
\@mathmargin=\skip51

For additional information on amsmath, use the `?' option.
(/usr/share/texlive/texmf-dist/tex/latex/amsmath/amstext.sty
Package: amstext 2000/06/29 v2.01 AMS text

(/usr/share/texlive/texmf-dist/tex/latex/amsmath/amsgen.sty
File: amsgen.sty 1999/11/30 v2.0 generic functions
\@emptytoks=\toks32
\ex@=\dimen177
))
(/usr/share/texlive/texmf-dist/tex/latex/amsmath/amsbsy.sty
Package: amsbsy 1999/11/29 v1.2d Bold Symbols
\pmbraise@=\dimen178
)
(/usr/share/texlive/texmf-dist/tex/latex/amsmath/amsopn.sty
Package: amsopn 1999/12/14 v2.01 operator names
)
\inf@bad=\count140
LaTeX Info: Redefining \frac on input line 199.
\uproot@=\count141
\leftroot@=\count142
LaTeX Info: Redefining \overline on input line 297.
\classnum@=\count143
\DOTSCASE@=\count144
LaTeX Info: Redefining \ldots on input line 394.
LaTeX Info: Redefining \dots on input line 397.
LaTeX Info: Redefining \cdots on input line 518.
\Mathstrutbox@=\box51
\strutbox@=\box52
\big@size=\dimen179
LaTeX Font Info:    Redeclaring font encoding OML on input line 630.
LaTeX Font Info:    Redeclaring font encoding OMS on input line 631.
\macc@depth=\count145
\c@MaxMatrixCols=\count146
\dotsspace@=\muskip11
\c@parentequation=\count147
\dspbrk@lvl=\count148
\tag@help=\toks33
\row@=\count149
\column@=\count150
\maxfields@=\count151
\andhelp@=\toks34
\eqnshift@=\dimen180
\alignsep@=\dimen181
\tagshift@=\dimen182
\tagwidth@=\dimen183
\totwidth@=\dimen184
\lineht@=\dimen185
\@envbody=\toks35
\multlinegap=\skip52
\multlinetaggap=\skip53
\mathdisplay@stack=\toks36
LaTeX Info: Redefining \[ on input line 2735.
LaTeX Info: Redefining \] on input line 2736.
)
(/usr/share/texlive/texmf-dist/tex/latex/amscls/amsthm.sty
Package: amsthm 2015/03/04 v2.20.2
\thm@style=\toks37
\thm@bodyfont=\toks38
\thm@headfont=\toks39
\thm@notefont=\toks40
\thm@headpunct=\toks41
\thm@preskip=\skip54
\thm@postskip=\skip55
\thm@headsep=\skip56
\dth@everypar=\toks42
)
\c@theorem=\count152
)
(/usr/share/texlive/texmf-dist/tex/latex/beamer/beamerbasethemes.sty
Package: beamerbasethemes 2010/05/01  (rcs-revision efa082c6111d)
))
(/usr/share/texlive/texmf-dist/tex/latex/beamer/themes/theme/beamerthemedefault
.sty
Package: beamerthemedefault 2010/06/17  (rcs-revision d02a7cf4d8ae)

(/usr/share/texlive/texmf-dist/tex/latex/beamer/themes/font/beamerfontthemedefa
ult.sty
Package: beamerfontthemedefault 2012/12/19  (rcs-revision 1686da3db3c9)
)
(/usr/share/texlive/texmf-dist/tex/latex/beamer/themes/color/beamercolorthemede
fault.sty
Package: beamercolorthemedefault 2012/12/19  (rcs-revision 1686da3db3c9)
)
(/usr/share/texlive/texmf-dist/tex/latex/beamer/themes/inner/beamerinnerthemede
fault.sty
Package: beamerinnerthemedefault 2014/06/30  (rcs-revision 580088513a67)
\beamer@dima=\dimen186
\beamer@dimb=\dimen187
)
(/usr/share/texlive/texmf-dist/tex/latex/beamer/themes/outer/beamerouterthemede
fault.sty
Package: beamerouterthemedefault 2012/12/19  (rcs-revision 1686da3db3c9)
))) (/usr/share/texlive/texmf-dist/tex/latex/pgfplots/pgfplots.sty
(/usr/share/texlive/texmf-dist/tex/generic/pgfplots/pgfplots.revision.tex)
Package: pgfplots 2016/01/06 v1.13 Data Visualization (1.13)

(/usr/share/texlive/texmf-dist/tex/latex/pgf/frontendlayer/tikz.sty
(/usr/share/texlive/texmf-dist/tex/latex/pgf/basiclayer/pgf.sty
Package: pgf 2015/08/07 v3.0.1a (rcs-revision 1.15)

(/usr/share/texlive/texmf-dist/tex/generic/pgf/modules/pgfmoduleshapes.code.tex
File: pgfmoduleshapes.code.tex 2014/03/21  (rcs-revision 1.35)
\pgfnodeparttextbox=\box53
) (/usr/share/texlive/texmf-dist/tex/generic/pgf/modules/pgfmoduleplot.code.tex
File: pgfmoduleplot.code.tex 2015/08/03  (rcs-revision 1.13)
)
(/usr/share/texlive/texmf-dist/tex/latex/pgf/compatibility/pgfcomp-version-0-65
.sty
Package: pgfcomp-version-0-65 2007/07/03 v3.0.1a (rcs-revision 1.7)
\pgf@nodesepstart=\dimen188
\pgf@nodesepend=\dimen189
)
(/usr/share/texlive/texmf-dist/tex/latex/pgf/compatibility/pgfcomp-version-1-18
.sty
Package: pgfcomp-version-1-18 2007/07/23 v3.0.1a (rcs-revision 1.1)
)) (/usr/share/texlive/texmf-dist/tex/latex/pgf/utilities/pgffor.sty
(/usr/share/texlive/texmf-dist/tex/latex/pgf/utilities/pgfkeys.sty
(/usr/share/texlive/texmf-dist/tex/generic/pgf/utilities/pgfkeys.code.tex))
(/usr/share/texlive/texmf-dist/tex/latex/pgf/math/pgfmath.sty
(/usr/share/texlive/texmf-dist/tex/generic/pgf/math/pgfmath.code.tex))
(/usr/share/texlive/texmf-dist/tex/generic/pgf/utilities/pgffor.code.tex
Package: pgffor 2013/12/13 v3.0.1a (rcs-revision 1.25)

(/usr/share/texlive/texmf-dist/tex/generic/pgf/math/pgfmath.code.tex)
\pgffor@iter=\dimen190
\pgffor@skip=\dimen191
\pgffor@stack=\toks43
\pgffor@toks=\toks44
))
(/usr/share/texlive/texmf-dist/tex/generic/pgf/frontendlayer/tikz/tikz.code.tex
Package: tikz 2015/08/07 v3.0.1a (rcs-revision 1.151)

(/usr/share/texlive/texmf-dist/tex/generic/pgf/libraries/pgflibraryplothandlers
.code.tex
File: pgflibraryplothandlers.code.tex 2013/08/31 v3.0.1a (rcs-revision 1.20)
\pgf@plot@mark@count=\count153
\pgfplotmarksize=\dimen192
)
\tikz@lastx=\dimen193
\tikz@lasty=\dimen194
\tikz@lastxsaved=\dimen195
\tikz@lastysaved=\dimen196
\tikzleveldistance=\dimen197
\tikzsiblingdistance=\dimen198
\tikz@figbox=\box54
\tikz@figbox@bg=\box55
\tikz@tempbox=\box56
\tikz@tempbox@bg=\box57
\tikztreelevel=\count154
\tikznumberofchildren=\count155
\tikznumberofcurrentchild=\count156
\tikz@fig@count=\count157

(/usr/share/texlive/texmf-dist/tex/generic/pgf/modules/pgfmodulematrix.code.tex
File: pgfmodulematrix.code.tex 2013/09/17  (rcs-revision 1.8)
\pgfmatrixcurrentrow=\count158
\pgfmatrixcurrentcolumn=\count159
\pgf@matrix@numberofcolumns=\count160
)
\tikz@expandcount=\count161

(/usr/share/texlive/texmf-dist/tex/generic/pgf/frontendlayer/tikz/libraries/tik
zlibrarytopaths.code.tex
File: tikzlibrarytopaths.code.tex 2008/06/17 v3.0.1a (rcs-revision 1.2)
)))
(/usr/share/texlive/texmf-dist/tex/generic/pgfplots/pgfplots.code.tex
(/usr/share/texlive/texmf-dist/tex/generic/pgfplots/pgfplotscore.code.tex
\t@pgfplots@toka=\toks45
\t@pgfplots@tokb=\toks46
\t@pgfplots@tokc=\toks47
\pgfplots@tmpa=\dimen199
\c@pgfplots@coordindex=\count162
\c@pgfplots@scanlineindex=\count163

(/usr/share/texlive/texmf-dist/tex/generic/pgfplots/sys/pgfplotssysgeneric.code
.tex))
(/usr/share/texlive/texmf-dist/tex/generic/pgfplots/libs/pgfplotslibrary.code.t
ex)
(/usr/share/texlive/texmf-dist/tex/generic/pgfplots/oldpgfcompatib/pgfplotsoldp
gfsupp_loader.code.tex
(/usr/share/texlive/texmf-dist/tex/generic/pgf/libraries/pgflibraryfpu.code.tex
)
Package pgfplots: loading complementary arithmetics for your pgf version...

(/usr/share/texlive/texmf-dist/tex/generic/pgfplots/oldpgfcompatib/pgfplotsoldp
gfsupp_pgflibraryfpu.code.tex)
(/usr/share/texlive/texmf-dist/tex/generic/pgfplots/oldpgfcompatib/pgfplotsoldp
gfsupp_pgfmathfloat.code.tex
\c@pgfmathroundto@lastzeros=\count164
))
(/usr/share/texlive/texmf-dist/tex/generic/pgfplots/util/pgfplotsutil.code.tex
(/usr/share/texlive/texmf-dist/tex/generic/pgfplots/liststructure/pgfplotslists
tructure.code.tex)
(/usr/share/texlive/texmf-dist/tex/generic/pgfplots/liststructure/pgfplotslists
tructureext.code.tex)
(/usr/share/texlive/texmf-dist/tex/generic/pgfplots/liststructure/pgfplotsarray
.code.tex
\c@pgfplotsarray@tmp=\count165
)
(/usr/share/texlive/texmf-dist/tex/generic/pgfplots/liststructure/pgfplotsmatri
x.code.tex)
(/usr/share/texlive/texmf-dist/tex/generic/pgfplots/numtable/pgfplotstableshare
d.code.tex
\c@pgfplotstable@counta=\count166
\t@pgfplotstable@a=\toks48
)
(/usr/share/texlive/texmf-dist/tex/generic/pgfplots/liststructure/pgfplotsdeque
.code.tex)
(/usr/share/texlive/texmf-dist/tex/generic/pgfplots/util/pgfplotsbinary.code.te
x
(/usr/share/texlive/texmf-dist/tex/generic/pgfplots/util/pgfplotsbinary.data.co
de.tex))
(/usr/share/texlive/texmf-dist/tex/generic/pgfplots/util/pgfplotsutil.verb.code
.tex)
(/usr/share/texlive/texmf-dist/tex/generic/pgfplots/libs/pgflibrarypgfplots.sur
fshading.code.tex
\c@pgfplotslibrarysurf@no=\count167

(/usr/share/texlive/texmf-dist/tex/generic/pgfplots/sys/pgflibrarypgfplots.surf
shading.pgfsys-pdftex.def)))
(/usr/share/texlive/texmf-dist/tex/generic/pgfplots/util/pgfplotscolormap.code.
tex
(/usr/share/texlive/texmf-dist/tex/generic/pgfplots/util/pgfplotscolor.code.tex
))
(/usr/share/texlive/texmf-dist/tex/generic/pgfplots/pgfplotsstackedplots.code.t
ex)
(/usr/share/texlive/texmf-dist/tex/generic/pgfplots/pgfplotsplothandlers.code.t
ex
(/usr/share/texlive/texmf-dist/tex/generic/pgfplots/pgfplotsmeshplothandler.cod
e.tex
(/usr/share/texlive/texmf-dist/tex/generic/pgfplots/pgfplotsmeshplotimage.code.
tex)))
(/usr/share/texlive/texmf-dist/tex/generic/pgfplots/pgfplots.scaling.code.tex)
(/usr/share/texlive/texmf-dist/tex/generic/pgfplots/pgfplotscoordprocessing.cod
e.tex)
(/usr/share/texlive/texmf-dist/tex/generic/pgfplots/pgfplots.errorbars.code.tex
) (/usr/share/texlive/texmf-dist/tex/generic/pgfplots/pgfplots.markers.code.tex
) (/usr/share/texlive/texmf-dist/tex/generic/pgfplots/pgfplotsticks.code.tex)
(/usr/share/texlive/texmf-dist/tex/generic/pgfplots/pgfplots.paths.code.tex)
(/usr/share/texlive/texmf-dist/tex/generic/pgf/frontendlayer/tikz/libraries/tik
zlibrarydecorations.code.tex
(/usr/share/texlive/texmf-dist/tex/generic/pgf/modules/pgfmoduledecorations.cod
e.tex
\pgfdecoratedcompleteddistance=\dimen256
\pgfdecoratedremainingdistance=\dimen257
\pgfdecoratedinputsegmentcompleteddistance=\dimen258
\pgfdecoratedinputsegmentremainingdistance=\dimen259
\pgf@decorate@distancetomove=\dimen260
\pgf@decorate@repeatstate=\count168
\pgfdecorationsegmentamplitude=\dimen261
\pgfdecorationsegmentlength=\dimen262
)
\tikz@lib@dec@box=\box58
)
(/usr/share/texlive/texmf-dist/tex/generic/pgf/frontendlayer/tikz/libraries/tik
zlibrarydecorations.pathmorphing.code.tex
(/usr/share/texlive/texmf-dist/tex/generic/pgf/libraries/decorations/pgflibrary
decorations.pathmorphing.code.tex))
(/usr/share/texlive/texmf-dist/tex/generic/pgf/frontendlayer/tikz/libraries/tik
zlibrarydecorations.pathreplacing.code.tex
(/usr/share/texlive/texmf-dist/tex/generic/pgf/libraries/decorations/pgflibrary
decorations.pathreplacing.code.tex))
\pgfplots@numplots=\count169
\pgfplots@xmin@reg=\dimen263
\pgfplots@xmax@reg=\dimen264
\pgfplots@ymin@reg=\dimen265
\pgfplots@ymax@reg=\dimen266
\pgfplots@zmin@reg=\dimen267
\pgfplots@zmax@reg=\dimen268
)
(/usr/share/texlive/texmf-dist/tex/generic/pgf/frontendlayer/tikz/libraries/tik
zlibraryplotmarks.code.tex
File: tikzlibraryplotmarks.code.tex 2008/01/09 v3.0.1a (rcs-revision 1.1)

(/usr/share/texlive/texmf-dist/tex/generic/pgf/libraries/pgflibraryplotmarks.co
de.tex
File: pgflibraryplotmarks.code.tex 2015/08/03 v3.0.1a (rcs-revision 1.14)
))) (/usr/share/texlive/texmf-dist/tex/latex/listings/listings.sty
\lst@mode=\count170
\lst@gtempboxa=\box59
\lst@token=\toks49
\lst@length=\count171
\lst@currlwidth=\dimen269
\lst@column=\count172
\lst@pos=\count173
\lst@lostspace=\dimen270
\lst@width=\dimen271
\lst@newlines=\count174
\lst@lineno=\count175
\lst@maxwidth=\dimen272

(/usr/share/texlive/texmf-dist/tex/latex/listings/lstmisc.sty
File: lstmisc.sty 2015/06/04 1.6 (Carsten Heinz)
\c@lstnumber=\count176
\lst@skipnumbers=\count177
\lst@framebox=\box60
)
(/usr/share/texlive/texmf-dist/tex/latex/listings/listings.cfg
File: listings.cfg 2015/06/04 1.6 listings configuration
))
Package: listings 2015/06/04 1.6 (Carsten Heinz)

(./beamerthemeprogressbar.sty
Package: beamerthemeprogressbar 2007/06/21
 (./beamercolorthemeprogressbar.sty
Package: beamercolorthemeprogressbar 2007/06/21

(/usr/share/texlive/texmf-dist/tex/latex/beamer/themes/color/beamercolorthemero
se.sty
Package: beamercolorthemerose 2010/06/17  (rcs-revision d02a7cf4d8ae)
)) (./beamerinnerthemeprogressbar.sty
Package: beamerinnerthemeprogressbar 2007/06/21

(/usr/share/texlive/texmf-dist/tex/latex/beamer/themes/inner/beamerinnerthemero
unded.sty
Package: beamerinnerthemerounded 2010/06/17  (rcs-revision d02a7cf4d8ae)
)) (./beamerfontthemeprogressbar.sty
Package: beamerfontthemeprogressbar 2007/06/21
)
(./beamerouterthemeprogressbar.sty
Package: beamerouterthemeprogressbar 2007/06/21
\progressbar@currentbarlength=\dimen273
\progressbar@framenumberrectangle=\dimen274
\progressbar@titlerectangle=\dimen275
\progressbar@leftbar=\dimen276
\progressbar@tmpresult=\count178
\progressbar@numer=\count179
\progressbar@denom=\count180
\progressbar@barlength=\count181
\progressbar@sectionboxwidth=\skip57
\progressbar@sectionboxheight=\skip58
\progressbar@sectionbox=\box61
\progressbar@sectionboxbox=\box62
))
(/usr/share/texlive/texmf-dist/tex/latex/beamer/themes/color/beamercolorthemecr
ane.sty
Package: beamercolorthemecrane 2010/06/17  (rcs-revision d02a7cf4d8ae)
) (./beamer.aux)
\openout1 = `beamer.aux'.

LaTeX Font Info:    Checking defaults for OML/cmm/m/it on input line 42.
LaTeX Font Info:    ... okay on input line 42.
LaTeX Font Info:    Checking defaults for T1/cmr/m/n on input line 42.
LaTeX Font Info:    ... okay on input line 42.
LaTeX Font Info:    Checking defaults for OT1/cmr/m/n on input line 42.
LaTeX Font Info:    ... okay on input line 42.
LaTeX Font Info:    Checking defaults for OMS/cmsy/m/n on input line 42.
LaTeX Font Info:    ... okay on input line 42.
LaTeX Font Info:    Checking defaults for OMX/cmex/m/n on input line 42.
LaTeX Font Info:    ... okay on input line 42.
LaTeX Font Info:    Checking defaults for U/cmr/m/n on input line 42.
LaTeX Font Info:    ... okay on input line 42.
LaTeX Font Info:    Checking defaults for PD1/pdf/m/n on input line 42.
LaTeX Font Info:    ... okay on input line 42.

*geometry* driver: auto-detecting
*geometry* detected driver: pdftex
*geometry* verbose mode - [ preamble ] result:
* driver: pdftex
* paper: custom
* layout: <same size as paper>
* layoutoffset:(h,v)=(0.0pt,0.0pt)
* modes: includehead includefoot 
* h-part:(L,W,R)=(28.45274pt, 307.28987pt, 28.45274pt)
* v-part:(T,H,B)=(0.0pt, 273.14662pt, 0.0pt)
* \paperwidth=364.19536pt
* \paperheight=273.14662pt
* \textwidth=307.28987pt
* \textheight=244.6939pt
* \oddsidemargin=-43.81725pt
* \evensidemargin=-43.81725pt
* \topmargin=-72.26999pt
* \headheight=14.22636pt
* \headsep=0.0pt
* \topskip=11.0pt
* \footskip=14.22636pt
* \marginparwidth=4.0pt
* \marginparsep=10.0pt
* \columnsep=10.0pt
* \skip\footins=10.0pt plus 4.0pt minus 2.0pt
* \hoffset=0.0pt
* \voffset=0.0pt
* \mag=1000
* \@twocolumnfalse
* \@twosidefalse
* \@mparswitchfalse
* \@reversemarginfalse
* (1in=72.27pt=25.4mm, 1cm=28.453pt)

(/usr/share/texlive/texmf-dist/tex/context/base/supp-pdf.mkii
[Loading MPS to PDF converter (version 2006.09.02).]
\scratchcounter=\count182
\scratchdimen=\dimen277
\scratchbox=\box63
\nofMPsegments=\count183
\nofMParguments=\count184
\everyMPshowfont=\toks50
\MPscratchCnt=\count185
\MPscratchDim=\dimen278
\MPnumerator=\count186
\makeMPintoPDFobject=\count187
\everyMPtoPDFconversion=\toks51
) (/usr/share/texlive/texmf-dist/tex/latex/oberdiek/epstopdf-base.sty
Package: epstopdf-base 2010/02/09 v2.5 Base part for package epstopdf

(/usr/share/texlive/texmf-dist/tex/latex/oberdiek/grfext.sty
Package: grfext 2010/08/19 v1.1 Manage graphics extensions (HO)
)
Package grfext Info: Graphics extension search list:
(grfext)             [.png,.pdf,.jpg,.mps,.jpeg,.jbig2,.jb2,.PNG,.PDF,.JPG,.JPE
G,.JBIG2,.JB2,.eps]
(grfext)             \AppendGraphicsExtensions on input line 452.

(/usr/share/texlive/texmf-dist/tex/latex/latexconfig/epstopdf-sys.cfg
File: epstopdf-sys.cfg 2010/07/13 v1.3 Configuration of (r)epstopdf for TeX Liv
e
))
ABD: EveryShipout initializing macros
\AtBeginShipoutBox=\box64
Package hyperref Info: Link coloring OFF on input line 42.

(/usr/share/texlive/texmf-dist/tex/latex/hyperref/nameref.sty
Package: nameref 2012/10/27 v2.43 Cross-referencing by name of section

(/usr/share/texlive/texmf-dist/tex/generic/oberdiek/gettitlestring.sty
Package: gettitlestring 2010/12/03 v1.4 Cleanup title references (HO)
)
\c@section@level=\count188
)
LaTeX Info: Redefining \ref on input line 42.
LaTeX Info: Redefining \pageref on input line 42.
LaTeX Info: Redefining \nameref on input line 42.

(./beamer.out) (./beamer.out)
\@outlinefile=\write5
\openout5 = `beamer.out'.

LaTeX Font Info:    Overwriting symbol font `operators' in version `normal'
(Font)                  OT1/cmr/m/n --> OT1/cmss/m/n on input line 42.
LaTeX Font Info:    Overwriting symbol font `operators' in version `bold'
(Font)                  OT1/cmr/bx/n --> OT1/cmss/bx/n on input line 42.
\symnumbers=\mathgroup6
\sympureletters=\mathgroup7
LaTeX Font Info:    Overwriting math alphabet `\mathrm' in version `normal'
(Font)                  OT1/cmss/m/n --> OT1/cmr/m/n on input line 42.
LaTeX Font Info:    Redeclaring math alphabet \mathbf on input line 42.
LaTeX Font Info:    Overwriting math alphabet `\mathbf' in version `normal'
(Font)                  OT1/cmr/bx/n --> OT1/cmss/bx/n on input line 42.
LaTeX Font Info:    Overwriting math alphabet `\mathbf' in version `bold'
(Font)                  OT1/cmr/bx/n --> OT1/cmss/bx/n on input line 42.
LaTeX Font Info:    Redeclaring math alphabet \mathsf on input line 42.
LaTeX Font Info:    Overwriting math alphabet `\mathsf' in version `normal'
(Font)                  OT1/cmss/m/n --> OT1/cmss/m/n on input line 42.
LaTeX Font Info:    Overwriting math alphabet `\mathsf' in version `bold'
(Font)                  OT1/cmss/bx/n --> OT1/cmss/m/n on input line 42.
LaTeX Font Info:    Redeclaring math alphabet \mathit on input line 42.
LaTeX Font Info:    Overwriting math alphabet `\mathit' in version `normal'
(Font)                  OT1/cmr/m/it --> OT1/cmss/m/it on input line 42.
LaTeX Font Info:    Overwriting math alphabet `\mathit' in version `bold'
(Font)                  OT1/cmr/bx/it --> OT1/cmss/m/it on input line 42.
LaTeX Font Info:    Redeclaring math alphabet \mathtt on input line 42.
LaTeX Font Info:    Overwriting math alphabet `\mathtt' in version `normal'
(Font)                  OT1/cmtt/m/n --> OT1/cmtt/m/n on input line 42.
LaTeX Font Info:    Overwriting math alphabet `\mathtt' in version `bold'
(Font)                  OT1/cmtt/m/n --> OT1/cmtt/m/n on input line 42.
LaTeX Font Info:    Overwriting symbol font `numbers' in version `bold'
(Font)                  OT1/cmss/m/n --> OT1/cmss/bx/n on input line 42.
LaTeX Font Info:    Overwriting symbol font `pureletters' in version `bold'
(Font)                  OT1/cmss/m/it --> OT1/cmss/bx/it on input line 42.
LaTeX Font Info:    Overwriting math alphabet `\mathrm' in version `bold'
(Font)                  OT1/cmss/bx/n --> OT1/cmr/bx/n on input line 42.
LaTeX Font Info:    Overwriting math alphabet `\mathbf' in version `bold'
(Font)                  OT1/cmss/bx/n --> OT1/cmss/bx/n on input line 42.
LaTeX Font Info:    Overwriting math alphabet `\mathsf' in version `bold'
(Font)                  OT1/cmss/m/n --> OT1/cmss/bx/n on input line 42.
LaTeX Font Info:    Overwriting math alphabet `\mathit' in version `bold'
(Font)                  OT1/cmss/m/it --> OT1/cmss/bx/it on input line 42.
LaTeX Font Info:    Overwriting math alphabet `\mathtt' in version `bold'
(Font)                  OT1/cmtt/m/n --> OT1/cmtt/bx/n on input line 42.

(/usr/share/texlive/texmf-dist/tex/latex/beamer/translator/dicts/translator-bas
ic-dictionary/translator-basic-dictionary-English.dict
Dictionary: translator-basic-dictionary, Language: English 
)
(/usr/share/texlive/texmf-dist/tex/latex/beamer/translator/dicts/translator-bib
liography-dictionary/translator-bibliography-dictionary-English.dict
Dictionary: translator-bibliography-dictionary, Language: English 
)
(/usr/share/texlive/texmf-dist/tex/latex/beamer/translator/dicts/translator-env
ironment-dictionary/translator-environment-dictionary-English.dict
Dictionary: translator-environment-dictionary, Language: English 
)
(/usr/share/texlive/texmf-dist/tex/latex/beamer/translator/dicts/translator-mon
ths-dictionary/translator-months-dictionary-English.dict
Dictionary: translator-months-dictionary, Language: English 
)
(/usr/share/texlive/texmf-dist/tex/latex/beamer/translator/dicts/translator-num
bers-dictionary/translator-numbers-dictionary-English.dict
Dictionary: translator-numbers-dictionary, Language: English 
)
(/usr/share/texlive/texmf-dist/tex/latex/beamer/translator/dicts/translator-the
orem-dictionary/translator-theorem-dictionary-English.dict
Dictionary: translator-theorem-dictionary, Language: English 
)
LaTeX Info: Redefining \includegraphics on input line 42.


Package pgfplots Warning: running in backwards compatibility mode (unsuitable t
ick labels; missing features). Consider writing \pgfplotsset{compat=1.13} into 
your preamble.
 on input line 42.

\c@lstlisting=\count189
..................................................................
You are using the progressbar beamer theme (Sylvain B.)
Version: 0.32. Jun. 2007.
..................................................................
(./beamer.nav)
Overfull \hbox (2962.13037pt too wide) in paragraph at lines 42--42
[][]  
 []


LaTeX Font Warning: Font shape `OT1/cmss/m/n' in size <4> not available
(Font)              size <5> substituted on input line 45.


Overfull \hbox (2913.76062pt too wide) has occurred while \output is active
[][]  
 []

[1

{/var/lib/texmf/fonts/map/pdftex/updmap/pdftex.map}]
Overfull \hbox (2913.76062pt too wide) has occurred while \output is active
[][]  
 []

[2

]
Overfull \hbox (2913.76062pt too wide) has occurred while \output is active
[][]  
 []

[3

]
\openout4 = `beamer.vrb'.

 (./beamer.vrb
(/usr/share/texlive/texmf-dist/tex/latex/listings/lstlang1.sty
File: lstlang1.sty 2015/06/04 1.6 listings language file
)
(/usr/share/texlive/texmf-dist/tex/latex/listings/lstmisc.sty
File: lstmisc.sty 2015/06/04 1.6 (Carsten Heinz)
)
LaTeX Font Info:    Try loading font information for OML+cmss on input line 4.
LaTeX Font Info:    No file OMLcmss.fd. on input line 4.


LaTeX Font Warning: Font shape `OML/cmss/m/n' undefined
(Font)              using `OML/cmm/m/it' instead
(Font)              for symbol `textgreater' on input line 4.

LaTeX Font Info:    Try loading font information for U+msa on input line 13.
(/usr/share/texlive/texmf-dist/tex/latex/amsfonts/umsa.fd
File: umsa.fd 2013/01/14 v3.01 AMS symbols A
)
LaTeX Font Info:    Try loading font information for U+msb on input line 13.

(/usr/share/texlive/texmf-dist/tex/latex/amsfonts/umsb.fd
File: umsb.fd 2013/01/14 v3.01 AMS symbols B
))
Overfull \hbox (2913.76062pt too wide) has occurred while \output is active
[][]  
 []

[4

]
\openout4 = `beamer.vrb'.

 (./beamer.vrb)
Overfull \vbox (39.22934pt too high) detected at line 92
 []


Overfull \hbox (2913.76062pt too wide) has occurred while \output is active
[][]  
 []

[5

]
\openout4 = `beamer.vrb'.

 (./beamer.vrb)
Overfull \vbox (6.22934pt too high) detected at line 114
 []


Overfull \hbox (2913.76062pt too wide) has occurred while \output is active
[][]  
 []

[6

]
\openout4 = `beamer.vrb'.

 (./beamer.vrb)
Overfull \vbox (94.22934pt too high) detected at line 145
 []


Overfull \hbox (2913.76062pt too wide) has occurred while \output is active
[][]  
 []

[7

]
\openout4 = `beamer.vrb'.

 (./beamer.vrb
LaTeX Font Info:    Try loading font information for OMS+cmss on input line 7.
LaTeX Font Info:    No file OMScmss.fd. on input line 7.


LaTeX Font Warning: Font shape `OMS/cmss/m/n' undefined
(Font)              using `OMS/cmsy/m/n' instead
(Font)              for symbol `textbraceleft' on input line 7.

)
Overfull \hbox (2913.76062pt too wide) has occurred while \output is active
[][]  
 []

[8

]
\openout4 = `beamer.vrb'.

 (./beamer.vrb)
Overfull \hbox (2913.76062pt too wide) has occurred while \output is active
[][]  
 []

[9

]
\openout4 = `beamer.vrb'.

 (./beamer.vrb)
Overfull \hbox (2913.76062pt too wide) has occurred while \output is active
[][]  
 []

[10

]
\openout4 = `beamer.vrb'.

 (./beamer.vrb)
Overfull \hbox (2913.76062pt too wide) has occurred while \output is active
[][]  
 []

[11

]
\openout4 = `beamer.vrb'.

 (./beamer.vrb)
Overfull \vbox (28.22934pt too high) detected at line 242
 []


Overfull \hbox (2913.76062pt too wide) has occurred while \output is active
[][]  
 []

[12

]
\openout4 = `beamer.vrb'.

 (./beamer.vrb)
Overfull \vbox (83.22934pt too high) detected at line 270
 []


Overfull \hbox (2913.76062pt too wide) has occurred while \output is active
[][]  
 []

[13

]
\openout4 = `beamer.vrb'.

 (./beamer.vrb)
Overfull \hbox (2913.76062pt too wide) has occurred while \output is active
[][]  
 []

[14

]
\openout4 = `beamer.vrb'.

 (./beamer.vrb)
Overfull \hbox (2913.76062pt too wide) has occurred while \output is active
[][]  
 []

[15

]
\openout4 = `beamer.vrb'.

 (./beamer.vrb)
Overfull \hbox (2913.76062pt too wide) has occurred while \output is active
[][]  
 []

[16

]
\openout4 = `beamer.vrb'.

 (./beamer.vrb)
Overfull \hbox (2913.76062pt too wide) has occurred while \output is active
[][]  
 []

[17

]
\openout4 = `beamer.vrb'.

 (./beamer.vrb)
Overfull \hbox (2913.76062pt too wide) has occurred while \output is active
[][]  
 []

[18

]
\openout4 = `beamer.vrb'.

 (./beamer.vrb)
Overfull \hbox (2913.76062pt too wide) has occurred while \output is active
[][]  
 []

[19

]
\openout4 = `beamer.vrb'.

 (./beamer.vrb)
Overfull \hbox (2913.76062pt too wide) has occurred while \output is active
[][]  
 []

[20

]
\openout4 = `beamer.vrb'.

 (./beamer.vrb)
Overfull \hbox (2913.76062pt too wide) has occurred while \output is active
[][]  
 []

[21

]
\openout4 = `beamer.vrb'.

 (./beamer.vrb)
Overfull \vbox (39.22934pt too high) detected at line 432
 []


Overfull \hbox (2913.76062pt too wide) has occurred while \output is active
[][]  
 []

[22

]
\openout4 = `beamer.vrb'.

 (./beamer.vrb)
Overfull \vbox (171.22934pt too high) detected at line 450
 []


Overfull \hbox (2913.76062pt too wide) has occurred while \output is active
[][]  
 []

[23

]
\openout4 = `beamer.vrb'.

 (./beamer.vrb)
Overfull \vbox (61.22934pt too high) detected at line 468
 []


Overfull \hbox (2913.76062pt too wide) has occurred while \output is active
[][]  
 []

[24

]
\openout4 = `beamer.vrb'.

 (./beamer.vrb)
Overfull \vbox (17.22934pt too high) detected at line 486
 []


Overfull \hbox (2913.76062pt too wide) has occurred while \output is active
[][]  
 []

[25

]
\openout4 = `beamer.vrb'.

 (./beamer.vrb)
Overfull \vbox (83.22934pt too high) detected at line 504
 []


Overfull \hbox (2913.76062pt too wide) has occurred while \output is active
[][]  
 []

[26

]
\openout4 = `beamer.vrb'.

 (./beamer.vrb)
Overfull \vbox (50.22934pt too high) detected at line 522
 []


Overfull \hbox (2913.76062pt too wide) has occurred while \output is active
[][]  
 []

[27

]
\openout4 = `beamer.vrb'.

 (./beamer.vrb)
Overfull \vbox (94.22934pt too high) detected at line 540
 []


Overfull \hbox (2913.76062pt too wide) has occurred while \output is active
[][]  
 []

[28

]
\openout4 = `beamer.vrb'.

 (./beamer.vrb)
Overfull \vbox (94.22934pt too high) detected at line 558
 []


Overfull \hbox (2913.76062pt too wide) has occurred while \output is active
[][]  
 []

[29

]
\openout4 = `beamer.vrb'.

 (./beamer.vrb)
Overfull \vbox (61.22934pt too high) detected at line 576
 []


Overfull \hbox (2913.76062pt too wide) has occurred while \output is active
[][]  
 []

[30

]
\openout4 = `beamer.vrb'.

 (./beamer.vrb)
Overfull \vbox (50.22934pt too high) detected at line 594
 []


Overfull \hbox (2913.76062pt too wide) has occurred while \output is active
[][]  
 []

[31

]
\openout4 = `beamer.vrb'.

 (./beamer.vrb)
Overfull \hbox (2913.76062pt too wide) has occurred while \output is active
[][]  
 []

[32

]
\openout4 = `beamer.vrb'.

 (./beamer.vrb)
Overfull \hbox (2913.76062pt too wide) has occurred while \output is active
[][]  
 []

[33

]
\openout4 = `beamer.vrb'.

 (./beamer.vrb)
Overfull \vbox (94.22934pt too high) detected at line 648
 []


Overfull \hbox (2913.76062pt too wide) has occurred while \output is active
[][]  
 []

[34

]
\openout4 = `beamer.vrb'.

 (./beamer.vrb)
Overfull \vbox (116.22934pt too high) detected at line 666
 []


Overfull \hbox (2913.76062pt too wide) has occurred while \output is active
[][]  
 []

[35

]
\openout4 = `beamer.vrb'.

 (./beamer.vrb)
Overfull \vbox (138.22934pt too high) detected at line 684
 []


Overfull \hbox (2913.76062pt too wide) has occurred while \output is active
[][]  
 []

[36

]
\openout4 = `beamer.vrb'.

 (./beamer.vrb)
Overfull \vbox (127.22934pt too high) detected at line 702
 []


Overfull \hbox (2913.76062pt too wide) has occurred while \output is active
[][]  
 []

[37

]
\openout4 = `beamer.vrb'.

 (./beamer.vrb)
Overfull \vbox (149.22934pt too high) detected at line 720
 []


Overfull \hbox (2913.76062pt too wide) has occurred while \output is active
[][]  
 []

[38

]
\openout4 = `beamer.vrb'.

 (./beamer.vrb)
Overfull \vbox (182.22934pt too high) detected at line 738
 []


Overfull \hbox (2913.76062pt too wide) has occurred while \output is active
[][]  
 []

[39

]
\openout4 = `beamer.vrb'.

 (./beamer.vrb)
Overfull \vbox (237.22934pt too high) detected at line 756
 []


Overfull \hbox (2913.76062pt too wide) has occurred while \output is active
[][]  
 []

[40

]
\openout4 = `beamer.vrb'.

 (./beamer.vrb)
Overfull \vbox (193.22934pt too high) detected at line 774
 []


Overfull \hbox (2913.76062pt too wide) has occurred while \output is active
[][]  
 []

[41

]
\openout4 = `beamer.vrb'.

 (./beamer.vrb)
Overfull \vbox (94.22934pt too high) detected at line 792
 []


Overfull \hbox (2913.76062pt too wide) has occurred while \output is active
[][]  
 []

[42

]
\openout4 = `beamer.vrb'.

 (./beamer.vrb)
Overfull \hbox (2913.76062pt too wide) has occurred while \output is active
[][]  
 []

[43

]
\openout4 = `beamer.vrb'.

 (./beamer.vrb)
Overfull \vbox (17.22934pt too high) detected at line 828
 []


Overfull \hbox (2913.76062pt too wide) has occurred while \output is active
[][]  
 []

[44

]
\openout4 = `beamer.vrb'.

 (./beamer.vrb)
Overfull \vbox (28.22934pt too high) detected at line 846
 []


Overfull \hbox (2913.76062pt too wide) has occurred while \output is active
[][]  
 []

[45

]
\openout4 = `beamer.vrb'.

 (./beamer.vrb)
Overfull \vbox (39.22934pt too high) detected at line 864
 []


Overfull \hbox (2913.76062pt too wide) has occurred while \output is active
[][]  
 []

[46

]
\openout4 = `beamer.vrb'.

 (./beamer.vrb)
Overfull \vbox (72.22934pt too high) detected at line 882
 []


Overfull \hbox (2913.76062pt too wide) has occurred while \output is active
[][]  
 []

[47

]
\openout4 = `beamer.vrb'.

 (./beamer.vrb)
Overfull \vbox (72.22934pt too high) detected at line 900
 []


Overfull \hbox (2913.76062pt too wide) has occurred while \output is active
[][]  
 []

[48

]
\openout4 = `beamer.vrb'.

 (./beamer.vrb)
Overfull \vbox (72.22934pt too high) detected at line 918
 []


Overfull \hbox (2913.76062pt too wide) has occurred while \output is active
[][]  
 []

[49

]
\openout4 = `beamer.vrb'.

 (./beamer.vrb)
Overfull \hbox (2913.76062pt too wide) has occurred while \output is active
[][]  
 []

[50

]
\openout4 = `beamer.vrb'.

 (./beamer.vrb)
Overfull \hbox (2913.76062pt too wide) has occurred while \output is active
[][]  
 []

[51

]
\openout4 = `beamer.vrb'.

 (./beamer.vrb)
Overfull \hbox (2913.76062pt too wide) has occurred while \output is active
[][]  
 []

[52

]
\openout4 = `beamer.vrb'.

 (./beamer.vrb)
Overfull \vbox (17.22934pt too high) detected at line 990
 []


Overfull \hbox (2913.76062pt too wide) has occurred while \output is active
[][]  
 []

[53

]
\openout4 = `beamer.vrb'.

 (./beamer.vrb)
Overfull \vbox (61.22934pt too high) detected at line 1008
 []


Overfull \hbox (2913.76062pt too wide) has occurred while \output is active
[][]  
 []

[54

]
\openout4 = `beamer.vrb'.

 (./beamer.vrb)
Overfull \hbox (2913.76062pt too wide) has occurred while \output is active
[][]  
 []

[55

]
\openout4 = `beamer.vrb'.

 (./beamer.vrb)
Overfull \hbox (2913.76062pt too wide) has occurred while \output is active
[][]  
 []

[56

]
\openout4 = `beamer.vrb'.

 (./beamer.vrb)
Overfull \hbox (2913.76062pt too wide) has occurred while \output is active
[][]  
 []

[57

]
\openout4 = `beamer.vrb'.

 (./beamer.vrb)
Overfull \vbox (17.22934pt too high) detected at line 1080
 []


Overfull \hbox (2913.76062pt too wide) has occurred while \output is active
[][]  
 []

[58

]
\openout4 = `beamer.vrb'.

 (./beamer.vrb)
Overfull \hbox (2913.76062pt too wide) has occurred while \output is active
[][]  
 []

[59

]
\openout4 = `beamer.vrb'.

 (./beamer.vrb
Missing character: There is no  in font cmss9!
Missing character: There is no  in font cmss9!
)
Overfull \vbox (138.22934pt too high) detected at line 1116
 []


Overfull \hbox (2913.76062pt too wide) has occurred while \output is active
[][]  
 []

[60

]
\openout4 = `beamer.vrb'.

 (./beamer.vrb)
Overfull \hbox (2913.76062pt too wide) has occurred while \output is active
[][]  
 []

[61

]
\openout4 = `beamer.vrb'.

 (./beamer.vrb)
Overfull \hbox (2967.62227pt too wide) has occurred while \output is active
[][]  
 []

[62

]
\openout4 = `beamer.vrb'.

 (./beamer.vrb)
Overfull \vbox (39.22934pt too high) detected at line 1170
 []


Overfull \hbox (3021.68251pt too wide) has occurred while \output is active
[][]  
 []

[63

]
\openout4 = `beamer.vrb'.

 (./beamer.vrb)
Overfull \vbox (61.22934pt too high) detected at line 1188
 []


Overfull \hbox (3075.74275pt too wide) has occurred while \output is active
[][]  
 []

[64

]
\openout4 = `beamer.vrb'.

 (./beamer.vrb)
Overfull \vbox (61.22934pt too high) detected at line 1206
 []


Overfull \hbox (3129.80298pt too wide) has occurred while \output is active
[][]  
 []

[65

]
\openout4 = `beamer.vrb'.

 (./beamer.vrb)
Overfull \hbox (3183.86322pt too wide) has occurred while \output is active
[][]  
 []

[66

]
\openout4 = `beamer.vrb'.

 (./beamer.vrb)
Overfull \hbox (3240.76874pt too wide) has occurred while \output is active
[][]  
 []

[67

]
\openout4 = `beamer.vrb'.

 (./beamer.vrb)
Overfull \vbox (6.22934pt too high) detected at line 1260
 []


Overfull \hbox (3294.82896pt too wide) has occurred while \output is active
[][]  
 []

[68

]
\openout4 = `beamer.vrb'.

 (./beamer.vrb)
Overfull \vbox (50.22934pt too high) detected at line 1278
 []


Overfull \hbox (3348.8892pt too wide) has occurred while \output is active
[][]  
 []

[69

]
\openout4 = `beamer.vrb'.

 (./beamer.vrb)
Overfull \vbox (61.22934pt too high) detected at line 1296
 []


Overfull \hbox (3402.94945pt too wide) has occurred while \output is active
[][]  
 []

[70

]
\openout4 = `beamer.vrb'.

 (./beamer.vrb)
Overfull \hbox (3457.00967pt too wide) has occurred while \output is active
[][]  
 []

[71

]
\openout4 = `beamer.vrb'.

 (./beamer.vrb)
Overfull \hbox (3511.06992pt too wide) has occurred while \output is active
[][]  
 []

[72

]
\openout4 = `beamer.vrb'.

 (./beamer.vrb)
Overfull \hbox (3567.97542pt too wide) has occurred while \output is active
[][]  
 []

[73

]
\openout4 = `beamer.vrb'.

 (./beamer.vrb)
Overfull \vbox (127.22934pt too high) detected at line 1368
 []


Overfull \hbox (3622.03566pt too wide) has occurred while \output is active
[][]  
 []

[74

]
\openout4 = `beamer.vrb'.

 (./beamer.vrb)
Overfull \vbox (39.22934pt too high) detected at line 1386
 []


Overfull \hbox (3676.0959pt too wide) has occurred while \output is active
[][]  
 []

[75

]
\openout4 = `beamer.vrb'.

 (./beamer.vrb)
Overfull \hbox (3730.15613pt too wide) has occurred while \output is active
[][]  
 []

[76

]
\openout4 = `beamer.vrb'.

 (./beamer.vrb)
Overfull \vbox (39.22934pt too high) detected at line 1422
 []


Overfull \hbox (3784.21637pt too wide) has occurred while \output is active
[][]  
 []

[77

]
\openout4 = `beamer.vrb'.

 (./beamer.vrb)
Overfull \vbox (83.22934pt too high) detected at line 1440
 []


Overfull \hbox (3838.27661pt too wide) has occurred while \output is active
[][]  
 []

[78

]
\openout4 = `beamer.vrb'.

 (./beamer.vrb)
Overfull \vbox (17.22934pt too high) detected at line 1458
 []


Overfull \hbox (3895.18211pt too wide) has occurred while \output is active
[][]  
 []

[79

]
\openout4 = `beamer.vrb'.

 (./beamer.vrb)
Overfull \vbox (6.22934pt too high) detected at line 1476
 []


Overfull \hbox (3949.24236pt too wide) has occurred while \output is active
[][]  
 []

[80

]
\openout4 = `beamer.vrb'.

 (./beamer.vrb)
Overfull \hbox (4003.3026pt too wide) has occurred while \output is active
[][]  
 []

[81

]
\openout4 = `beamer.vrb'.

 (./beamer.vrb)
Overfull \hbox (4057.36282pt too wide) has occurred while \output is active
[][]  
 []

[82

]
\openout4 = `beamer.vrb'.

 (./beamer.vrb)
Overfull \hbox (4111.42307pt too wide) has occurred while \output is active
[][]  
 []

[83

]
\openout4 = `beamer.vrb'.

 (./beamer.vrb)
Overfull \vbox (28.22934pt too high) detected at line 1548
 []


Overfull \hbox (4165.48329pt too wide) has occurred while \output is active
[][]  
 []

[84

]
\openout4 = `beamer.vrb'.

 (./beamer.vrb)
Overfull \hbox (4222.38881pt too wide) has occurred while \output is active
[][]  
 []

[85

]
\openout4 = `beamer.vrb'.

 (./beamer.vrb)
Overfull \hbox (4276.44905pt too wide) has occurred while \output is active
[][]  
 []

[86

]
\openout4 = `beamer.vrb'.

 (./beamer.vrb)
Overfull \hbox (4330.50928pt too wide) has occurred while \output is active
[][]  
 []

[87

]
\openout4 = `beamer.vrb'.

 (./beamer.vrb)
Overfull \vbox (39.22934pt too high) detected at line 1620
 []


Overfull \hbox (4384.56952pt too wide) has occurred while \output is active
[][]  
 []

[88

]
\openout4 = `beamer.vrb'.

 (./beamer.vrb)
Overfull \vbox (17.22934pt too high) detected at line 1638
 []


Overfull \hbox (4438.62976pt too wide) has occurred while \output is active
[][]  
 []

[89

]
\openout4 = `beamer.vrb'.

 (./beamer.vrb)
Overfull \hbox (4492.68999pt too wide) has occurred while \output is active
[][]  
 []

[90

]
\openout4 = `beamer.vrb'.

 (./beamer.vrb)
Overfull \vbox (39.22934pt too high) detected at line 1674
 []


Overfull \hbox (4549.5955pt too wide) has occurred while \output is active
[][]  
 []

[91

]
\openout4 = `beamer.vrb'.

 (./beamer.vrb)
Overfull \vbox (28.22934pt too high) detected at line 1692
 []


Overfull \hbox (4603.65575pt too wide) has occurred while \output is active
[][]  
 []

[92

]
\openout4 = `beamer.vrb'.

 (./beamer.vrb)
Overfull \vbox (17.22934pt too high) detected at line 1710
 []


Overfull \hbox (4657.71597pt too wide) has occurred while \output is active
[][]  
 []

[93

]
\openout4 = `beamer.vrb'.

 (./beamer.vrb)
Overfull \vbox (17.22934pt too high) detected at line 1728
 []


Overfull \hbox (4711.77621pt too wide) has occurred while \output is active
[][]  
 []

[94

]
\openout4 = `beamer.vrb'.

 (./beamer.vrb)
Overfull \vbox (72.22934pt too high) detected at line 1746
 []


Overfull \hbox (4765.83644pt too wide) has occurred while \output is active
[][]  
 []

[95

]
\openout4 = `beamer.vrb'.

 (./beamer.vrb)
Overfull \vbox (28.22934pt too high) detected at line 1764
 []


Overfull \hbox (4819.89668pt too wide) has occurred while \output is active
[][]  
 []

[96

]
\openout4 = `beamer.vrb'.

 (./beamer.vrb)
Overfull \vbox (17.22934pt too high) detected at line 1782
 []


Overfull \hbox (4876.8022pt too wide) has occurred while \output is active
[][]  
 []

[97

]
\openout4 = `beamer.vrb'.

 (./beamer.vrb)
Overfull \hbox (4930.86243pt too wide) has occurred while \output is active
[][]  
 []

[98

]
\openout4 = `beamer.vrb'.

 (./beamer.vrb)
Overfull \vbox (17.22934pt too high) detected at line 1818
 []


Overfull \hbox (4984.92267pt too wide) has occurred while \output is active
[][]  
 []

[99

]
\openout4 = `beamer.vrb'.

 (./beamer.vrb)
Overfull \vbox (6.22934pt too high) detected at line 1836
 []


Overfull \hbox (5038.98291pt too wide) has occurred while \output is active
[][]  
 []

[100

]
\openout4 = `beamer.vrb'.

 (./beamer.vrb)
Overfull \hbox (5093.04314pt too wide) has occurred while \output is active
[][]  
 []

[101

]
\openout4 = `beamer.vrb'.

 (./beamer.vrb)
Overfull \vbox (39.22934pt too high) detected at line 1872
 []


Overfull \hbox (5147.10338pt too wide) has occurred while \output is active
[][]  
 []

[102

]
\openout4 = `beamer.vrb'.

 (./beamer.vrb)
Overfull \vbox (105.22934pt too high) detected at line 1890
 []


Overfull \hbox (5204.0089pt too wide) has occurred while \output is active
[][]  
 []

[103

]
\openout4 = `beamer.vrb'.

 (./beamer.vrb)
Overfull \vbox (50.22934pt too high) detected at line 1908
 []


Overfull \hbox (5258.06912pt too wide) has occurred while \output is active
[][]  
 []

[104

]
\openout4 = `beamer.vrb'.

 (./beamer.vrb)
Overfull \vbox (6.22934pt too high) detected at line 1926
 []


Overfull \hbox (5312.12936pt too wide) has occurred while \output is active
[][]  
 []

[105

]
\openout4 = `beamer.vrb'.

 (./beamer.vrb)
Overfull \vbox (6.22934pt too high) detected at line 1944
 []


Overfull \hbox (5366.18959pt too wide) has occurred while \output is active
[][]  
 []

[106

]
\openout4 = `beamer.vrb'.

 (./beamer.vrb)
Overfull \vbox (94.22934pt too high) detected at line 1962
 []


Overfull \hbox (5420.24983pt too wide) has occurred while \output is active
[][]  
 []

[107

]
\openout4 = `beamer.vrb'.

 (./beamer.vrb)
Overfull \vbox (28.22934pt too high) detected at line 1980
 []


Overfull \hbox (5474.31007pt too wide) has occurred while \output is active
[][]  
 []

[108

]
\openout4 = `beamer.vrb'.

 (./beamer.vrb
Missing character: There is no  in font cmss9!
Missing character: There is no  in font cmss9!
Missing character: There is no  in font cmss9!
Missing character: There is no  in font cmss9!
Missing character: There is no  in font cmss9!
Missing character: There is no  in font cmss9!
)
Overfull \vbox (39.22934pt too high) detected at line 1998
 []


Overfull \hbox (5531.21558pt too wide) has occurred while \output is active
[][]  
 []

[109

]
\openout4 = `beamer.vrb'.

 (./beamer.vrb)
Overfull \vbox (17.22934pt too high) detected at line 2016
 []


Overfull \hbox (5585.27582pt too wide) has occurred while \output is active
[][]  
 []

[110

]
\openout4 = `beamer.vrb'.

 (./beamer.vrb)
Overfull \vbox (39.22934pt too high) detected at line 2034
 []


Overfull \hbox (5639.33606pt too wide) has occurred while \output is active
[][]  
 []

[111

]
\openout4 = `beamer.vrb'.

 (./beamer.vrb)
Overfull \vbox (6.22934pt too high) detected at line 2052
 []


Overfull \hbox (5693.39629pt too wide) has occurred while \output is active
[][]  
 []

[112

]
\openout4 = `beamer.vrb'.

 (./beamer.vrb)
Overfull \vbox (17.22934pt too high) detected at line 2070
 []


Overfull \hbox (5747.45653pt too wide) has occurred while \output is active
[][]  
 []

[113

]
\openout4 = `beamer.vrb'.

 (./beamer.vrb)
Overfull \hbox (5801.51677pt too wide) has occurred while \output is active
[][]  
 []

[114

]
\openout4 = `beamer.vrb'.

 (./beamer.vrb)
Overfull \vbox (6.22934pt too high) detected at line 2106
 []


Overfull \hbox (5858.42227pt too wide) has occurred while \output is active
[][]  
 []

[115

]
\openout4 = `beamer.vrb'.

 (./beamer.vrb)
Overfull \vbox (17.22934pt too high) detected at line 2124
 []


Overfull \hbox (5912.48251pt too wide) has occurred while \output is active
[][]  
 []

[116

]
\openout4 = `beamer.vrb'.

 (./beamer.vrb)
Overfull \hbox (5966.54274pt too wide) has occurred while \output is active
[][]  
 []

[117

]
\openout4 = `beamer.vrb'.

 (./beamer.vrb)
Overfull \hbox (6020.60298pt too wide) has occurred while \output is active
[][]  
 []

[118

]
\openout4 = `beamer.vrb'.

 (./beamer.vrb)
Overfull \hbox (6074.66322pt too wide) has occurred while \output is active
[][]  
 []

[119

]
\openout4 = `beamer.vrb'.

 (./beamer.vrb)
Overfull \hbox (6128.72345pt too wide) has occurred while \output is active
[][]  
 []

[120

]
\openout4 = `beamer.vrb'.

 (./beamer.vrb)
Overfull \hbox (6185.62897pt too wide) has occurred while \output is active
[][]  
 []

[121

]
\openout4 = `beamer.vrb'.

 (./beamer.vrb)
Overfull \hbox (6239.68921pt too wide) has occurred while \output is active
[][]  
 []

[122

]
\openout4 = `beamer.vrb'.

 (./beamer.vrb)
Overfull \hbox (6293.74944pt too wide) has occurred while \output is active
[][]  
 []

[123

]
\openout4 = `beamer.vrb'.

 (./beamer.vrb)
Overfull \vbox (6.22934pt too high) detected at line 2268
 []


Overfull \hbox (6347.80968pt too wide) has occurred while \output is active
[][]  
 []

[124

]
\openout4 = `beamer.vrb'.

 (./beamer.vrb)
Overfull \hbox (6401.86992pt too wide) has occurred while \output is active
[][]  
 []

[125

]
\openout4 = `beamer.vrb'.

 (./beamer.vrb)
Overfull \vbox (72.22934pt too high) detected at line 2304
 []


Overfull \hbox (6455.93015pt too wide) has occurred while \output is active
[][]  
 []

[126

]
\openout4 = `beamer.vrb'.

 (./beamer.vrb)
Overfull \vbox (50.22934pt too high) detected at line 2322
 []


Overfull \hbox (6512.83566pt too wide) has occurred while \output is active
[][]  
 []

[127

]
\openout4 = `beamer.vrb'.

 (./beamer.vrb)
Overfull \hbox (6566.8959pt too wide) has occurred while \output is active
[][]  
 []

[128

]
\openout4 = `beamer.vrb'.

 (./beamer.vrb)
Overfull \hbox (6620.95613pt too wide) has occurred while \output is active
[][]  
 []

[129

]
\openout4 = `beamer.vrb'.

 (./beamer.vrb)
Overfull \vbox (17.22934pt too high) detected at line 2376
 []


Overfull \hbox (6675.01637pt too wide) has occurred while \output is active
[][]  
 []

[130

]
\openout4 = `beamer.vrb'.

 (./beamer.vrb)
Overfull \vbox (17.22934pt too high) detected at line 2394
 []


Overfull \hbox (6729.0766pt too wide) has occurred while \output is active
[][]  
 []

[131

]
\openout4 = `beamer.vrb'.

 (./beamer.vrb)
Overfull \vbox (105.22934pt too high) detected at line 2412
 []


Overfull \hbox (6783.13684pt too wide) has occurred while \output is active
[][]  
 []

[132

]
\openout4 = `beamer.vrb'.

 (./beamer.vrb)
Overfull \hbox (6840.04236pt too wide) has occurred while \output is active
[][]  
 []

[133

]
\openout4 = `beamer.vrb'.

 (./beamer.vrb)
Overfull \vbox (28.22934pt too high) detected at line 2448
 []


Overfull \hbox (6894.10258pt too wide) has occurred while \output is active
[][]  
 []

[134

]
\openout4 = `beamer.vrb'.

 (./beamer.vrb)
Overfull \hbox (6948.16283pt too wide) has occurred while \output is active
[][]  
 []

[135

]
\openout4 = `beamer.vrb'.

 (./beamer.vrb)
Overfull \hbox (7002.22307pt too wide) has occurred while \output is active
[][]  
 []

[136

]
\openout4 = `beamer.vrb'.

 (./beamer.vrb)
Overfull \vbox (83.22934pt too high) detected at line 2502
 []


Overfull \hbox (7056.2833pt too wide) has occurred while \output is active
[][]  
 []

[137

]
\openout4 = `beamer.vrb'.

 (./beamer.vrb)
Overfull \vbox (72.22934pt too high) detected at line 2520
 []


Overfull \hbox (7110.34354pt too wide) has occurred while \output is active
[][]  
 []

[138

]
\openout4 = `beamer.vrb'.

 (./beamer.vrb
Missing character: There is no  in font cmss9!
Missing character: There is no  in font cmss9!
)
Overfull \hbox (7167.24905pt too wide) has occurred while \output is active
[][]  
 []

[139

]
\openout4 = `beamer.vrb'.

 (./beamer.vrb)
Overfull \hbox (7221.30928pt too wide) has occurred while \output is active
[][]  
 []

[140

]
\openout4 = `beamer.vrb'.

 (./beamer.vrb)
Overfull \hbox (7275.36952pt too wide) has occurred while \output is active
[][]  
 []

[141

]
\openout4 = `beamer.vrb'.

 (./beamer.vrb)
Overfull \vbox (94.22934pt too high) detected at line 2592
 []


Overfull \hbox (7329.42975pt too wide) has occurred while \output is active
[][]  
 []

[142

]
\openout4 = `beamer.vrb'.

 (./beamer.vrb)
Overfull \vbox (28.22934pt too high) detected at line 2610
 []


Overfull \hbox (7383.48999pt too wide) has occurred while \output is active
[][]  
 []

[143

]
\openout4 = `beamer.vrb'.

 (./beamer.vrb)
Overfull \hbox (7437.55023pt too wide) has occurred while \output is active
[][]  
 []

[144

]
\openout4 = `beamer.vrb'.

 (./beamer.vrb)
Overfull \vbox (6.22934pt too high) detected at line 2646
 []


Overfull \hbox (7494.45573pt too wide) has occurred while \output is active
[][]  
 []

[145

]
\openout4 = `beamer.vrb'.

 (./beamer.vrb)
Overfull \vbox (6.22934pt too high) detected at line 2664
 []


Overfull \hbox (7548.51598pt too wide) has occurred while \output is active
[][]  
 []

[146

]
\openout4 = `beamer.vrb'.

 (./beamer.vrb)
Overfull \hbox (7602.57622pt too wide) has occurred while \output is active
[][]  
 []

[147

]
\openout4 = `beamer.vrb'.

 (./beamer.vrb)
Overfull \hbox (7656.63644pt too wide) has occurred while \output is active
[][]  
 []

[148

]
\openout4 = `beamer.vrb'.

 (./beamer.vrb)
Overfull \vbox (39.22934pt too high) detected at line 2718
 []


Overfull \hbox (7710.69669pt too wide) has occurred while \output is active
[][]  
 []

[149

]
\openout4 = `beamer.vrb'.

 (./beamer.vrb)
Overfull \hbox (7764.75693pt too wide) has occurred while \output is active
[][]  
 []

[150

]
\openout4 = `beamer.vrb'.

 (./beamer.vrb)
Overfull \hbox (7821.66243pt too wide) has occurred while \output is active
[][]  
 []

[151

]
\openout4 = `beamer.vrb'.

 (./beamer.vrb)
Overfull \vbox (28.22934pt too high) detected at line 2772
 []


Overfull \hbox (7875.72267pt too wide) has occurred while \output is active
[][]  
 []

[152

]
\openout4 = `beamer.vrb'.

 (./beamer.vrb)
Overfull \vbox (94.22934pt too high) detected at line 2790
 []


Overfull \hbox (7929.7829pt too wide) has occurred while \output is active
[][]  
 []

[153

]
\openout4 = `beamer.vrb'.

 (./beamer.vrb)
Overfull \vbox (39.22934pt too high) detected at line 2808
 []


Overfull \hbox (7983.84314pt too wide) has occurred while \output is active
[][]  
 []

[154

]
\openout4 = `beamer.vrb'.

 (./beamer.vrb
Missing character: There is no  in font cmss9!
Missing character: There is no  in font cmss9!
)
Overfull \vbox (50.22934pt too high) detected at line 2826
 []


Overfull \hbox (8037.90338pt too wide) has occurred while \output is active
[][]  
 []

[155

]
\openout4 = `beamer.vrb'.

 (./beamer.vrb)
Overfull \vbox (61.22934pt too high) detected at line 2844
 []


Overfull \hbox (8091.96361pt too wide) has occurred while \output is active
[][]  
 []

[156

]
\openout4 = `beamer.vrb'.

 (./beamer.vrb)
Overfull \vbox (28.22934pt too high) detected at line 2862
 []


Overfull \hbox (8148.86913pt too wide) has occurred while \output is active
[][]  
 []

[157

]
\openout4 = `beamer.vrb'.

 (./beamer.vrb)
Overfull \vbox (39.22934pt too high) detected at line 2880
 []


Overfull \hbox (8202.92937pt too wide) has occurred while \output is active
[][]  
 []

[158

]
\openout4 = `beamer.vrb'.

 (./beamer.vrb)
Overfull \hbox (8256.9896pt too wide) has occurred while \output is active
[][]  
 []

[159

]
\openout4 = `beamer.vrb'.

 (./beamer.vrb)
Overfull \vbox (28.22934pt too high) detected at line 2916
 []


Overfull \hbox (8311.04984pt too wide) has occurred while \output is active
[][]  
 []

[160

]
\openout4 = `beamer.vrb'.

 (./beamer.vrb)
Overfull \hbox (8365.11008pt too wide) has occurred while \output is active
[][]  
 []

[161

]
\openout4 = `beamer.vrb'.

 (./beamer.vrb)
Overfull \hbox (8419.1703pt too wide) has occurred while \output is active
[][]  
 []

[162

]
\openout4 = `beamer.vrb'.

 (./beamer.vrb)
Overfull \vbox (72.22934pt too high) detected at line 2970
 []


Overfull \hbox (8476.07582pt too wide) has occurred while \output is active
[][]  
 []

[163

]
\openout4 = `beamer.vrb'.

 (./beamer.vrb)
Overfull \hbox (8530.13605pt too wide) has occurred while \output is active
[][]  
 []

[164

]
\openout4 = `beamer.vrb'.

 (./beamer.vrb)
Overfull \hbox (8584.19629pt too wide) has occurred while \output is active
[][]  
 []

[165

]
\openout4 = `beamer.vrb'.

 (./beamer.vrb)
Overfull \vbox (6.22934pt too high) detected at line 3024
 []


Overfull \hbox (8638.25653pt too wide) has occurred while \output is active
[][]  
 []

[166

]
\openout4 = `beamer.vrb'.

 (./beamer.vrb)
Overfull \vbox (72.22934pt too high) detected at line 3042
 []


Overfull \hbox (8692.31676pt too wide) has occurred while \output is active
[][]  
 []

[167

]
\openout4 = `beamer.vrb'.

 (./beamer.vrb)
Overfull \vbox (83.22934pt too high) detected at line 3060
 []


Overfull \hbox (8746.377pt too wide) has occurred while \output is active
[][]  
 []

[168

]
\openout4 = `beamer.vrb'.

 (./beamer.vrb)
Overfull \vbox (6.22934pt too high) detected at line 3078
 []


Overfull \hbox (8803.28252pt too wide) has occurred while \output is active
[][]  
 []

[169

]
\openout4 = `beamer.vrb'.

 (./beamer.vrb)
Overfull \vbox (61.22934pt too high) detected at line 3096
 []


Overfull \hbox (8857.34274pt too wide) has occurred while \output is active
[][]  
 []

[170

]
\openout4 = `beamer.vrb'.

 (./beamer.vrb)
Overfull \vbox (6.22934pt too high) detected at line 3114
 []


Overfull \hbox (8911.40298pt too wide) has occurred while \output is active
[][]  
 []

[171

]
\openout4 = `beamer.vrb'.

 (./beamer.vrb)
Overfull \vbox (50.22934pt too high) detected at line 3132
 []


Overfull \hbox (8965.46323pt too wide) has occurred while \output is active
[][]  
 []

[172

]
\openout4 = `beamer.vrb'.

 (./beamer.vrb)
Overfull \vbox (72.22934pt too high) detected at line 3150
 []


Overfull \hbox (9019.52345pt too wide) has occurred while \output is active
[][]  
 []

[173

]
\openout4 = `beamer.vrb'.

 (./beamer.vrb)
Overfull \vbox (28.22934pt too high) detected at line 3168
 []


Overfull \hbox (9073.5837pt too wide) has occurred while \output is active
[][]  
 []

[174

]
\openout4 = `beamer.vrb'.

 (./beamer.vrb)
Overfull \vbox (61.22934pt too high) detected at line 3186
 []


Overfull \hbox (9130.4892pt too wide) has occurred while \output is active
[][]  
 []

[175

]
\openout4 = `beamer.vrb'.

 (./beamer.vrb)
Overfull \vbox (6.22934pt too high) detected at line 3204
 []


Overfull \hbox (9184.54944pt too wide) has occurred while \output is active
[][]  
 []

[176

]
\openout4 = `beamer.vrb'.

 (./beamer.vrb)
Overfull \vbox (94.22934pt too high) detected at line 3222
 []


Overfull \hbox (9238.60968pt too wide) has occurred while \output is active
[][]  
 []

[177

]
\openout4 = `beamer.vrb'.

 (./beamer.vrb)
Overfull \vbox (83.22934pt too high) detected at line 3240
 []


Overfull \hbox (9292.6699pt too wide) has occurred while \output is active
[][]  
 []

[178

]
\openout4 = `beamer.vrb'.

 (./beamer.vrb)
Overfull \vbox (39.22934pt too high) detected at line 3258
 []


Overfull \hbox (9346.73015pt too wide) has occurred while \output is active
[][]  
 []

[179

]
\openout4 = `beamer.vrb'.

 (./beamer.vrb)
Overfull \vbox (61.22934pt too high) detected at line 3276
 []


Overfull \hbox (9400.79039pt too wide) has occurred while \output is active
[][]  
 []

[180

]
\openout4 = `beamer.vrb'.

 (./beamer.vrb)
Overfull \vbox (50.22934pt too high) detected at line 3294
 []


Overfull \hbox (9457.69589pt too wide) has occurred while \output is active
[][]  
 []

[181

]
\openout4 = `beamer.vrb'.

 (./beamer.vrb
Missing character: There is no  in font cmss9!
Missing character: There is no  in font cmss9!
)
Overfull \hbox (9511.75613pt too wide) has occurred while \output is active
[][]  
 []

[182

]
\openout4 = `beamer.vrb'.

 (./beamer.vrb)
Overfull \vbox (127.22934pt too high) detected at line 3330
 []


Overfull \hbox (9565.81638pt too wide) has occurred while \output is active
[][]  
 []

[183

]
\openout4 = `beamer.vrb'.

 (./beamer.vrb)
Overfull \vbox (39.22934pt too high) detected at line 3348
 []


Overfull \hbox (9619.8766pt too wide) has occurred while \output is active
[][]  
 []

[184

]
\openout4 = `beamer.vrb'.

 (./beamer.vrb)
Overfull \hbox (9673.93684pt too wide) has occurred while \output is active
[][]  
 []

[185

]
\openout4 = `beamer.vrb'.

 (./beamer.vrb)
Overfull \hbox (9727.99709pt too wide) has occurred while \output is active
[][]  
 []

[186

]
\openout4 = `beamer.vrb'.

 (./beamer.vrb)
Overfull \vbox (28.22934pt too high) detected at line 3402
 []


Overfull \hbox (9784.90259pt too wide) has occurred while \output is active
[][]  
 []

[187

]
\openout4 = `beamer.vrb'.

 (./beamer.vrb)
Overfull \vbox (28.22934pt too high) detected at line 3420
 []


Overfull \hbox (9838.96283pt too wide) has occurred while \output is active
[][]  
 []

[188

]
\openout4 = `beamer.vrb'.

 (./beamer.vrb)
Overfull \hbox (9893.02306pt too wide) has occurred while \output is active
[][]  
 []

[189

]
\openout4 = `beamer.vrb'.

 (./beamer.vrb)
Overfull \vbox (61.22934pt too high) detected at line 3456
 []


Overfull \hbox (9947.0833pt too wide) has occurred while \output is active
[][]  
 []

[190

]
\openout4 = `beamer.vrb'.

 (./beamer.vrb)
Overfull \hbox (10001.14354pt too wide) has occurred while \output is active
[][]  
 []

[191

]
\openout4 = `beamer.vrb'.

 (./beamer.vrb)
Overfull \hbox (10055.20377pt too wide) has occurred while \output is active
[][]  
 []

[192

]
\openout4 = `beamer.vrb'.

 (./beamer.vrb)
Overfull \hbox (10112.10928pt too wide) has occurred while \output is active
[][]  
 []

[193

]
\openout4 = `beamer.vrb'.

 (./beamer.vrb)
Overfull \hbox (10166.16953pt too wide) has occurred while \output is active
[][]  
 []

[194

]
\openout4 = `beamer.vrb'.

 (./beamer.vrb)
Overfull \hbox (10220.22975pt too wide) has occurred while \output is active
[][]  
 []

[195

]
\openout4 = `beamer.vrb'.

 (./beamer.vrb)
Overfull \hbox (10274.29pt too wide) has occurred while \output is active
[][]  
 []

[196

]
\openout4 = `beamer.vrb'.

 (./beamer.vrb)
Overfull \hbox (10328.35023pt too wide) has occurred while \output is active
[][]  
 []

[197

]
\openout4 = `beamer.vrb'.

 (./beamer.vrb)
Overfull \vbox (28.22934pt too high) detected at line 3600
 []


Overfull \hbox (10382.41046pt too wide) has occurred while \output is active
[][]  
 []

[198

]
\openout4 = `beamer.vrb'.

 (./beamer.vrb)
Overfull \vbox (28.22934pt too high) detected at line 3618
 []


Overfull \hbox (10439.31598pt too wide) has occurred while \output is active
[][]  
 []

[199

]
\openout4 = `beamer.vrb'.

 (./beamer.vrb)
Overfull \vbox (6.22934pt too high) detected at line 3636
 []


Overfull \hbox (10493.3762pt too wide) has occurred while \output is active
[][]  
 []

[200

]
\openout4 = `beamer.vrb'.

 (./beamer.vrb)
Overfull \hbox (10547.43645pt too wide) has occurred while \output is active
[][]  
 []

[201

]
\openout4 = `beamer.vrb'.

 (./beamer.vrb)
Overfull \hbox (10601.49669pt too wide) has occurred while \output is active
[][]  
 []

[202

]
\openout4 = `beamer.vrb'.

 (./beamer.vrb)
Overfull \hbox (10655.55692pt too wide) has occurred while \output is active
[][]  
 []

[203

]
\openout4 = `beamer.vrb'.

 (./beamer.vrb)
Overfull \hbox (10709.61716pt too wide) has occurred while \output is active
[][]  
 []

[204

]
\openout4 = `beamer.vrb'.

 (./beamer.vrb)
Overfull \hbox (10766.52267pt too wide) has occurred while \output is active
[][]  
 []

[205

]
\openout4 = `beamer.vrb'.

 (./beamer.vrb)
Overfull \hbox (10820.5829pt too wide) has occurred while \output is active
[][]  
 []

[206

]
\openout4 = `beamer.vrb'.

 (./beamer.vrb)
Overfull \hbox (10874.64314pt too wide) has occurred while \output is active
[][]  
 []

[207

]
\openout4 = `beamer.vrb'.

 (./beamer.vrb)
Overfull \hbox (10928.70338pt too wide) has occurred while \output is active
[][]  
 []

[208

]
\openout4 = `beamer.vrb'.

 (./beamer.vrb)
Overfull \hbox (10982.76361pt too wide) has occurred while \output is active
[][]  
 []

[209

]
\openout4 = `beamer.vrb'.

 (./beamer.vrb)
Overfull \hbox (11036.82385pt too wide) has occurred while \output is active
[][]  
 []

[210

]
\openout4 = `beamer.vrb'.

 (./beamer.vrb)
Overfull \hbox (11093.72935pt too wide) has occurred while \output is active
[][]  
 []

[211

]
\openout4 = `beamer.vrb'.

 (./beamer.vrb)
Overfull \hbox (11147.7896pt too wide) has occurred while \output is active
[][]  
 []

[212

]
\openout4 = `beamer.vrb'.

 (./beamer.vrb)
Overfull \hbox (11201.84984pt too wide) has occurred while \output is active
[][]  
 []

[213

]
\openout4 = `beamer.vrb'.

 (./beamer.vrb)
Overfull \hbox (11255.91006pt too wide) has occurred while \output is active
[][]  
 []

[214

]
\openout4 = `beamer.vrb'.

 (./beamer.vrb)
Overfull \hbox (11309.9703pt too wide) has occurred while \output is active
[][]  
 []

[215

]
\openout4 = `beamer.vrb'.

 (./beamer.vrb)
Overfull \hbox (11364.03055pt too wide) has occurred while \output is active
[][]  
 []

[216

]
\openout4 = `beamer.vrb'.

 (./beamer.vrb)
Overfull \hbox (11420.93605pt too wide) has occurred while \output is active
[][]  
 []

[217

]
\openout4 = `beamer.vrb'.

 (./beamer.vrb)
Overfull \vbox (6.22934pt too high) detected at line 3960
 []


Overfull \hbox (11474.99629pt too wide) has occurred while \output is active
[][]  
 []

[218

]
\openout4 = `beamer.vrb'.

 (./beamer.vrb)
Overfull \vbox (6.22934pt too high) detected at line 3978
 []


Overfull \hbox (11529.05653pt too wide) has occurred while \output is active
[][]  
 []

[219

]
\openout4 = `beamer.vrb'.

 (./beamer.vrb)
Overfull \hbox (11583.11676pt too wide) has occurred while \output is active
[][]  
 []

[220

]
\openout4 = `beamer.vrb'.

 (./beamer.vrb)
Overfull \hbox (11637.177pt too wide) has occurred while \output is active
[][]  
 []

[221

]
\openout4 = `beamer.vrb'.

 (./beamer.vrb)
Overfull \hbox (11691.23723pt too wide) has occurred while \output is active
[][]  
 []

[222

]
\openout4 = `beamer.vrb'.

 (./beamer.vrb)
Overfull \hbox (11748.14275pt too wide) has occurred while \output is active
[][]  
 []

[223

]
\openout4 = `beamer.vrb'.

 (./beamer.vrb
Missing character: There is no  in font cmss9!
Missing character: There is no  in font cmss9!
)
Overfull \vbox (50.22934pt too high) detected at line 4068
 []


Overfull \hbox (11802.20299pt too wide) has occurred while \output is active
[][]  
 []

[224

]
\openout4 = `beamer.vrb'.

 (./beamer.vrb
Missing character: There is no  in font cmss9!
Missing character: There is no  in font cmss9!
)
Overfull \vbox (61.22934pt too high) detected at line 4086
 []


Overfull \hbox (11856.26321pt too wide) has occurred while \output is active
[][]  
 []

[225

]
\openout4 = `beamer.vrb'.

 (./beamer.vrb)
Overfull \hbox (11910.32346pt too wide) has occurred while \output is active
[][]  
 []

[226

]
\openout4 = `beamer.vrb'.

 (./beamer.vrb)
Overfull \vbox (17.22934pt too high) detected at line 4122
 []


Overfull \hbox (11964.3837pt too wide) has occurred while \output is active
[][]  
 []

[227

]
\openout4 = `beamer.vrb'.

 (./beamer.vrb)
Overfull \vbox (17.22934pt too high) detected at line 4140
 []


Overfull \hbox (12018.44392pt too wide) has occurred while \output is active
[][]  
 []

[228

]
\openout4 = `beamer.vrb'.

 (./beamer.vrb)
Overfull \hbox (12075.34944pt too wide) has occurred while \output is active
[][]  
 []

[229

]
\openout4 = `beamer.vrb'.

 (./beamer.vrb)
Overfull \vbox (61.22934pt too high) detected at line 4176
 []


Overfull \hbox (12129.40968pt too wide) has occurred while \output is active
[][]  
 []

[230

]
\openout4 = `beamer.vrb'.

 (./beamer.vrb)
Overfull \vbox (39.22934pt too high) detected at line 4194
 []


Overfull \hbox (12183.46991pt too wide) has occurred while \output is active
[][]  
 []

[231

]
\openout4 = `beamer.vrb'.

 (./beamer.vrb)
Overfull \hbox (12237.53015pt too wide) has occurred while \output is active
[][]  
 []

[232

]
\openout4 = `beamer.vrb'.

 (./beamer.vrb)
Overfull \vbox (28.22934pt too high) detected at line 4230
 []


Overfull \hbox (12291.59038pt too wide) has occurred while \output is active
[][]  
 []

[233

]
\openout4 = `beamer.vrb'.

 (./beamer.vrb)
Overfull \hbox (12345.65062pt too wide) has occurred while \output is active
[][]  
 []

[234

]
\openout4 = `beamer.vrb'.

 (./beamer.vrb)
Overfull \vbox (83.22934pt too high) detected at line 4266
 []


Overfull \hbox (12402.55614pt too wide) has occurred while \output is active
[][]  
 []

[235

]
\openout4 = `beamer.vrb'.

 (./beamer.vrb)
Overfull \vbox (28.22934pt too high) detected at line 4284
 []


Overfull \hbox (12456.61636pt too wide) has occurred while \output is active
[][]  
 []

[236

]
\openout4 = `beamer.vrb'.

 (./beamer.vrb)
Overfull \vbox (6.22934pt too high) detected at line 4302
 []


Overfull \hbox (12510.6766pt too wide) has occurred while \output is active
[][]  
 []

[237

]
\openout4 = `beamer.vrb'.

 (./beamer.vrb)
Overfull \vbox (17.22934pt too high) detected at line 4320
 []


Overfull \hbox (12564.73685pt too wide) has occurred while \output is active
[][]  
 []

[238

]
\openout4 = `beamer.vrb'.

 (./beamer.vrb)
Overfull \hbox (12618.79707pt too wide) has occurred while \output is active
[][]  
 []

[239

]
\openout4 = `beamer.vrb'.

 (./beamer.vrb)
Overfull \hbox (12672.85732pt too wide) has occurred while \output is active
[][]  
 []

[240

]
\openout4 = `beamer.vrb'.

 (./beamer.vrb)
Overfull \vbox (28.22934pt too high) detected at line 4374
 []


Overfull \hbox (12729.76283pt too wide) has occurred while \output is active
[][]  
 []

[241

]
\openout4 = `beamer.vrb'.

 (./beamer.vrb
Missing character: There is no  in font cmss9!
Missing character: There is no  in font cmss9!
)
Overfull \vbox (61.22934pt too high) detected at line 4392
 []


Overfull \hbox (12783.82306pt too wide) has occurred while \output is active
[][]  
 []

[242

]
\openout4 = `beamer.vrb'.

 (./beamer.vrb)
Overfull \vbox (17.22934pt too high) detected at line 4410
 []


Overfull \hbox (12837.8833pt too wide) has occurred while \output is active
[][]  
 []

[243

]
\openout4 = `beamer.vrb'.

 (./beamer.vrb
Missing character: There is no  in font cmss9!
Missing character: There is no  in font cmss9!
)
Overfull \vbox (50.22934pt too high) detected at line 4428
 []


Overfull \hbox (12891.94353pt too wide) has occurred while \output is active
[][]  
 []

[244

]
\openout4 = `beamer.vrb'.

 (./beamer.vrb)
Overfull \vbox (28.22934pt too high) detected at line 4446
 []


Overfull \hbox (12946.00377pt too wide) has occurred while \output is active
[][]  
 []

[245

]
\openout4 = `beamer.vrb'.

 (./beamer.vrb)
Overfull \hbox (13000.06401pt too wide) has occurred while \output is active
[][]  
 []

[246

]
\openout4 = `beamer.vrb'.

 (./beamer.vrb)
Overfull \hbox (13056.96951pt too wide) has occurred while \output is active
[][]  
 []

[247

]
\openout4 = `beamer.vrb'.

 (./beamer.vrb)
Overfull \hbox (13111.02975pt too wide) has occurred while \output is active
[][]  
 []

[248

]
\openout4 = `beamer.vrb'.

 (./beamer.vrb)
Overfull \vbox (6.22934pt too high) detected at line 4518
 []


Overfull \hbox (13165.09pt too wide) has occurred while \output is active
[][]  
 []

[249

]
\openout4 = `beamer.vrb'.

 (./beamer.vrb)
Overfull \hbox (13219.15022pt too wide) has occurred while \output is active
[][]  
 []

[250

]
\openout4 = `beamer.vrb'.

 (./beamer.vrb)
Overfull \vbox (28.22934pt too high) detected at line 4554
 []


Overfull \hbox (13273.21046pt too wide) has occurred while \output is active
[][]  
 []

[251

]
\openout4 = `beamer.vrb'.

 (./beamer.vrb)
Overfull \vbox (6.22934pt too high) detected at line 4572
 []


Overfull \hbox (13327.2707pt too wide) has occurred while \output is active
[][]  
 []

[252

]
\openout4 = `beamer.vrb'.

 (./beamer.vrb)
Overfull \hbox (13384.17621pt too wide) has occurred while \output is active
[][]  
 []

[253

]
\openout4 = `beamer.vrb'.

 (./beamer.vrb)
Overfull \hbox (13438.23645pt too wide) has occurred while \output is active
[][]  
 []

[254

]
\openout4 = `beamer.vrb'.

 (./beamer.vrb)
Overfull \vbox (6.22934pt too high) detected at line 4626
 []


Overfull \hbox (13492.29669pt too wide) has occurred while \output is active
[][]  
 []

[255

]
\openout4 = `beamer.vrb'.

 (./beamer.vrb)
Overfull \hbox (13546.35692pt too wide) has occurred while \output is active
[][]  
 []

[256

]
\openout4 = `beamer.vrb'.

 (./beamer.vrb)
Overfull \hbox (13600.41716pt too wide) has occurred while \output is active
[][]  
 []

[257

]
\openout4 = `beamer.vrb'.

 (./beamer.vrb)
Overfull \hbox (13654.47739pt too wide) has occurred while \output is active
[][]  
 []

[258

]
\openout4 = `beamer.vrb'.

 (./beamer.vrb)
Overfull \hbox (13711.3829pt too wide) has occurred while \output is active
[][]  
 []

[259

]
\openout4 = `beamer.vrb'.

 (./beamer.vrb)
Overfull \vbox (6.22934pt too high) detected at line 4716
 []


Overfull \hbox (13765.44315pt too wide) has occurred while \output is active
[][]  
 []

[260

]
\openout4 = `beamer.vrb'.

 (./beamer.vrb)
Overfull \vbox (61.22934pt too high) detected at line 4734
 []


Overfull \hbox (13819.50337pt too wide) has occurred while \output is active
[][]  
 []

[261

]
\openout4 = `beamer.vrb'.

 (./beamer.vrb)
Overfull \hbox (13873.56361pt too wide) has occurred while \output is active
[][]  
 []

[262

]
\openout4 = `beamer.vrb'.

 (./beamer.vrb)
Overfull \hbox (13927.62386pt too wide) has occurred while \output is active
[][]  
 []

[263

]
\openout4 = `beamer.vrb'.

 (./beamer.vrb)
Overfull \hbox (13981.68408pt too wide) has occurred while \output is active
[][]  
 []

[264

]
\openout4 = `beamer.vrb'.

 (./beamer.vrb)
Overfull \hbox (14038.5896pt too wide) has occurred while \output is active
[][]  
 []

[265

]
\openout4 = `beamer.vrb'.

 (./beamer.vrb)
Overfull \hbox (14092.64984pt too wide) has occurred while \output is active
[][]  
 []

[266

]
\openout4 = `beamer.vrb'.

 (./beamer.vrb)
Overfull \vbox (6.22934pt too high) detected at line 4842
 []


Overfull \hbox (14146.71007pt too wide) has occurred while \output is active
[][]  
 []

[267

]
\openout4 = `beamer.vrb'.

 (./beamer.vrb
Missing character: There is no  in font cmss9!
Missing character: There is no  in font cmss9!
)
Overfull \vbox (17.22934pt too high) detected at line 4860
 []


Overfull \hbox (14200.77031pt too wide) has occurred while \output is active
[][]  
 []

[268

]
\openout4 = `beamer.vrb'.

 (./beamer.vrb)
Overfull \vbox (50.22934pt too high) detected at line 4878
 []


Overfull \hbox (14254.83054pt too wide) has occurred while \output is active
[][]  
 []

[269

]
\openout4 = `beamer.vrb'.

 (./beamer.vrb)
Overfull \vbox (105.22934pt too high) detected at line 4896
 []


Overfull \hbox (14308.89078pt too wide) has occurred while \output is active
[][]  
 []

[270

]
\openout4 = `beamer.vrb'.

 (./beamer.vrb)
Overfull \vbox (83.22934pt too high) detected at line 4914
 []


Overfull \hbox (14365.7963pt too wide) has occurred while \output is active
[][]  
 []

[271

]
\openout4 = `beamer.vrb'.

 (./beamer.vrb)
Overfull \vbox (6.22934pt too high) detected at line 4932
 []


Overfull \hbox (14419.85652pt too wide) has occurred while \output is active
[][]  
 []

[272

]
\openout4 = `beamer.vrb'.

 (./beamer.vrb)
Overfull \hbox (14473.91676pt too wide) has occurred while \output is active
[][]  
 []

[273

]
\openout4 = `beamer.vrb'.

 (./beamer.vrb
Missing character: There is no  in font cmss9!
Missing character: There is no  in font cmss9!
Missing character: There is no  in font cmss9!
Missing character: There is no  in font cmss9!
)
Overfull \vbox (50.22934pt too high) detected at line 4968
 []


Overfull \hbox (14527.977pt too wide) has occurred while \output is active
[][]  
 []

[274

]
\openout4 = `beamer.vrb'.

 (./beamer.vrb)
Overfull \hbox (14582.03723pt too wide) has occurred while \output is active
[][]  
 []

[275

]
\openout4 = `beamer.vrb'.

 (./beamer.vrb)
Overfull \vbox (17.22934pt too high) detected at line 5004
 []


Overfull \hbox (14636.09747pt too wide) has occurred while \output is active
[][]  
 []

[276

]
\openout4 = `beamer.vrb'.

 (./beamer.vrb)
Overfull \hbox (14693.00299pt too wide) has occurred while \output is active
[][]  
 []

[277

]
\tf@nav=\write6
\openout6 = `beamer.nav'.

\tf@toc=\write7
\openout7 = `beamer.toc'.

\tf@snm=\write8
\openout8 = `beamer.snm'.

Package atveryend Info: Empty hook `BeforeClearDocument' on input line 5014.
Package atveryend Info: Empty hook `AfterLastShipout' on input line 5014.
 (./beamer.aux)
Package atveryend Info: Executing hook `AtVeryEndDocument' on input line 5014.
Package atveryend Info: Executing hook `AtEndAfterFileList' on input line 5014.

Package rerunfilecheck Info: File `beamer.out' has not changed.
(rerunfilecheck)             Checksum: D41D8CD98F00B204E9800998ECF8427E;0.


LaTeX Font Warning: Size substitutions with differences
(Font)              up to 1.0pt have occurred.


LaTeX Font Warning: Some font shapes were not available, defaults substituted.

Package atveryend Info: Empty hook `AtVeryVeryEnd' on input line 5014.
 ) 
Here is how much of TeX's memory you used:
 32385 strings out of 494953
 751827 string characters out of 6180977
 1251456 words of memory out of 5000000
 33958 multiletter control sequences out of 15000+600000
 10840 words of font info for 40 fonts, out of 8000000 for 9000
 14 hyphenation exceptions out of 8191
 54i,18n,77p,721b,1345s stack positions out of 5000i,500n,10000p,200000b,80000s
</usr/share/texlive/texmf-dist/fonts/type1/public/amsfonts/cm/cmmi9.pfb></usr
/share/texlive/texmf-dist/fonts/type1/public/amsfonts/cm/cmss10.pfb></usr/share
/texlive/texmf-dist/fonts/type1/public/amsfonts/cm/cmss8.pfb></usr/share/texliv
e/texmf-dist/fonts/type1/public/amsfonts/cm/cmss9.pfb></usr/share/texlive/texmf
-dist/fonts/type1/public/amsfonts/cm/cmssbx10.pfb></usr/share/texlive/texmf-dis
t/fonts/type1/public/amsfonts/cm/cmsy9.pfb>
Output written on beamer.pdf (277 pages, 861358 bytes).
PDF statistics:
 1619 PDF objects out of 1728 (max. 8388607)
 1309 compressed objects within 14 object streams
 555 named destinations out of 1000 (max. 500000)
 73 words of extra memory for PDF output out of 10000 (max. 10000000)

